This file contains any messages produced by compilers while
running configure, to aid debugging if configure makes a mistake.

It was created by qd configure 2.3.4, which was
generated by GNU Autoconf 2.61.  Invocation command line was

  $ ./configure CXX=g++-4.3 CXXFLAGS=-O3 -funroll-all-loops -Wall -msse2 -mssse3 -mtune=core2

## --------- ##
## Platform. ##
## --------- ##

hostname = crampon10
uname -m = i686
uname -r = 2.6.22-14-generic
uname -s = Linux
uname -v = #1 SMP Tue Dec 18 08:02:57 UTC 2007

/usr/bin/uname -p = unknown
/bin/uname -X     = unknown

/bin/arch              = unknown
/usr/bin/arch -k       = unknown
/usr/convex/getsysinfo = unknown
/usr/bin/hostinfo      = unknown
/bin/machine           = unknown
/usr/bin/oslevel       = unknown
/bin/universe          = unknown

PATH: ./
PATH: /home/jt/devC++/dev_lasmea/nt2/build/linux/
PATH: /home/jt/devC++/dev_lasmea/nt3/nt2/trunk/build/linux/
PATH: /usr/local/sbin
PATH: /usr/local/bin
PATH: /usr/sbin
PATH: /usr/bin
PATH: /sbin
PATH: /bin
PATH: /usr/games


## ----------- ##
## Core tests. ##
## ----------- ##

configure:1856: checking for a BSD-compatible install
configure:1912: result: /usr/bin/install -c
configure:1923: checking whether build environment is sane
configure:1966: result: yes
configure:1994: checking for a thread-safe mkdir -p
configure:2033: result: /bin/mkdir -p
configure:2046: checking for gawk
configure:2076: result: no
configure:2046: checking for mawk
configure:2062: found /usr/bin/mawk
configure:2073: result: mawk
configure:2084: checking whether make sets $(MAKE)
configure:2105: result: yes
configure:2304: checking build system type
configure:2322: result: i686-pc-linux-gnu
configure:2344: checking host system type
configure:2359: result: i686-pc-linux-gnu
configure:2389: checking if commonly used function is to be inlined
configure:2399: result: yes
configure:2408: checking if addition with IEEE-style error bound is to be used
configure:2419: result: no
configure:2428: checking if sloppy multiplication is to be used
configure:2438: result: yes
configure:2447: checking if sloppy division is to be used
configure:2457: result: yes
configure:2467: checking if debugging code is to be enabled
configure:2478: result: no
configure:2487: checking if compiler warnings is to be enabled
configure:2492: result: no
configure:2636: checking for C++ compiler version
configure:2643: g++-4.3 --version >&5
g++-4.3 (GCC) 4.3.0 20080104 (experimental)
Copyright (C) 2007 Free Software Foundation, Inc.
This is free software; see the source for copying conditions.  There is NO
warranty; not even for MERCHANTABILITY or FITNESS FOR A PARTICULAR PURPOSE.

configure:2646: $? = 0
configure:2653: g++-4.3 -v >&5
Using built-in specs.
Target: i686-pc-linux-gnu
Configured with: ./configure --program-suffix=-4.3.2 --enable-languages=c,c++
Thread model: posix
gcc version 4.3.0 20080104 (experimental) (GCC) 
configure:2656: $? = 0
configure:2663: g++-4.3 -V >&5
g++-4.3: '-V' option must have argument
configure:2666: $? = 1
configure:2689: checking for C++ compiler default output file name
configure:2716: g++-4.3 -O3 -funroll-all-loops -Wall -msse2 -mssse3 -mtune=core2   conftest.cpp  >&5
configure:2719: $? = 0
configure:2757: result: a.out
configure:2774: checking whether the C++ compiler works
configure:2784: ./a.out
configure:2787: $? = 0
configure:2804: result: yes
configure:2811: checking whether we are cross compiling
configure:2813: result: no
configure:2816: checking for suffix of executables
configure:2823: g++-4.3 -o conftest -O3 -funroll-all-loops -Wall -msse2 -mssse3 -mtune=core2   conftest.cpp  >&5
configure:2826: $? = 0
configure:2850: result: 
configure:2856: checking for suffix of object files
configure:2882: g++-4.3 -c -O3 -funroll-all-loops -Wall -msse2 -mssse3 -mtune=core2  conftest.cpp >&5
configure:2885: $? = 0
configure:2908: result: o
configure:2912: checking whether we are using the GNU C++ compiler
configure:2941: g++-4.3 -c -O3 -funroll-all-loops -Wall -msse2 -mssse3 -mtune=core2  conftest.cpp >&5
configure:2947: $? = 0
configure:2964: result: yes
configure:2969: checking whether g++-4.3 accepts -g
configure:2999: g++-4.3 -c -g  conftest.cpp >&5
configure:3005: $? = 0
configure:3104: result: yes
configure:3138: checking for style of include used by make
configure:3166: result: GNU
configure:3191: checking dependency style of g++-4.3
configure:3282: result: gcc3
configure:3348: checking for gcc
configure:3375: result: g++-4.3
configure:3613: checking for C compiler version
configure:3620: g++-4.3 --version >&5
g++-4.3 (GCC) 4.3.0 20080104 (experimental)
Copyright (C) 2007 Free Software Foundation, Inc.
This is free software; see the source for copying conditions.  There is NO
warranty; not even for MERCHANTABILITY or FITNESS FOR A PARTICULAR PURPOSE.

configure:3623: $? = 0
configure:3630: g++-4.3 -v >&5
Using built-in specs.
Target: i686-pc-linux-gnu
Configured with: ./configure --program-suffix=-4.3.2 --enable-languages=c,c++
Thread model: posix
gcc version 4.3.0 20080104 (experimental) (GCC) 
configure:3633: $? = 0
configure:3640: g++-4.3 -V >&5
g++-4.3: '-V' option must have argument
configure:3643: $? = 1
configure:3646: checking whether we are using the GNU C compiler
configure:3675: g++-4.3 -c   conftest.c >&5
configure:3681: $? = 0
configure:3698: result: yes
configure:3703: checking whether g++-4.3 accepts -g
configure:3733: g++-4.3 -c -g  conftest.c >&5
configure:3739: $? = 0
configure:3838: result: yes
configure:3855: checking for g++-4.3 option to accept ISO C89
configure:3929: g++-4.3  -c -g -O2  conftest.c >&5
conftest.c:23: error: 'p' was not declared in this scope
conftest.c:23: error: 'i' was not declared in this scope
conftest.c:23: error: initializer expression list treated as compound expression
conftest.c:24: error: expected ',' or ';' before 'char'
conftest.c:26: error: expected unqualified-id before '{' token
conftest.c: In function 'int main()':
conftest.c:62: error: cannot convert 'char*' to 'char* (*)(char**, int)' for argument '1' to 'char* f(char* (*)(char**, int), char**, ...)'
conftest.c:62: error: cannot convert 'char*' to 'char* (*)(char**, int)' for argument '1' to 'char* f(char* (*)(char**, int), char**, ...)'
configure:3935: $? = 1
configure: failed program was:
| /* confdefs.h.  */
| #define PACKAGE_NAME "qd"
| #define PACKAGE_TARNAME "qd"
| #define PACKAGE_VERSION "2.3.4"
| #define PACKAGE_STRING "qd 2.3.4"
| #define PACKAGE_BUGREPORT "yozo@cs.berkeley.edu"
| #define MAJOR_VERSION 2
| #define MINOR_VERSION 3
| #define PATCH_VERSION 4
| #define PACKAGE "qd"
| #define VERSION "2.3.4"
| #define QD_INLINE 1
| #define QD_SLOPPY_MUL 1
| #define QD_SLOPPY_DIV 1
| /* end confdefs.h.  */
| #include <stdarg.h>
| #include <stdio.h>
| #include <sys/types.h>
| #include <sys/stat.h>
| /* Most of the following tests are stolen from RCS 5.7's src/conf.sh.  */
| struct buf { int x; };
| FILE * (*rcsopen) (struct buf *, struct stat *, int);
| static char *e (p, i)
|      char **p;
|      int i;
| {
|   return p[i];
| }
| static char *f (char * (*g) (char **, int), char **p, ...)
| {
|   char *s;
|   va_list v;
|   va_start (v,p);
|   s = g (p, va_arg (v,int));
|   va_end (v);
|   return s;
| }
| 
| /* OSF 4.0 Compaq cc is some sort of almost-ANSI by default.  It has
|    function prototypes and stuff, but not '\xHH' hex character constants.
|    These don't provoke an error unfortunately, instead are silently treated
|    as 'x'.  The following induces an error, until -std is added to get
|    proper ANSI mode.  Curiously '\x00'!='x' always comes out true, for an
|    array size at least.  It's necessary to write '\x00'==0 to get something
|    that's true only with -std.  */
| int osf4_cc_array ['\x00' == 0 ? 1 : -1];
| 
| /* IBM C 6 for AIX is almost-ANSI by default, but it replaces macro parameters
|    inside strings and character constants.  */
| #define FOO(x) 'x'
| int xlc6_cc_array[FOO(a) == 'x' ? 1 : -1];
| 
| int test (int i, double x);
| struct s1 {int (*f) (int a);};
| struct s2 {int (*f) (double a);};
| int pairnames (int, char **, FILE *(*)(struct buf *, struct stat *, int), int, int);
| int argc;
| char **argv;
| int
| main ()
| {
| return f (e, argv, 0) != argv[0]  ||  f (e, argv, 1) != argv[1];
|   ;
|   return 0;
| }
configure:3929: g++-4.3 -qlanglvl=extc89 -c -g -O2  conftest.c >&5
g++-4.3: unrecognized option '-qlanglvl=extc89'
conftest.c:23: error: 'p' was not declared in this scope
conftest.c:23: error: 'i' was not declared in this scope
conftest.c:23: error: initializer expression list treated as compound expression
conftest.c:24: error: expected ',' or ';' before 'char'
conftest.c:26: error: expected unqualified-id before '{' token
conftest.c: In function 'int main()':
conftest.c:62: error: cannot convert 'char*' to 'char* (*)(char**, int)' for argument '1' to 'char* f(char* (*)(char**, int), char**, ...)'
conftest.c:62: error: cannot convert 'char*' to 'char* (*)(char**, int)' for argument '1' to 'char* f(char* (*)(char**, int), char**, ...)'
configure:3935: $? = 1
configure: failed program was:
| /* confdefs.h.  */
| #define PACKAGE_NAME "qd"
| #define PACKAGE_TARNAME "qd"
| #define PACKAGE_VERSION "2.3.4"
| #define PACKAGE_STRING "qd 2.3.4"
| #define PACKAGE_BUGREPORT "yozo@cs.berkeley.edu"
| #define MAJOR_VERSION 2
| #define MINOR_VERSION 3
| #define PATCH_VERSION 4
| #define PACKAGE "qd"
| #define VERSION "2.3.4"
| #define QD_INLINE 1
| #define QD_SLOPPY_MUL 1
| #define QD_SLOPPY_DIV 1
| /* end confdefs.h.  */
| #include <stdarg.h>
| #include <stdio.h>
| #include <sys/types.h>
| #include <sys/stat.h>
| /* Most of the following tests are stolen from RCS 5.7's src/conf.sh.  */
| struct buf { int x; };
| FILE * (*rcsopen) (struct buf *, struct stat *, int);
| static char *e (p, i)
|      char **p;
|      int i;
| {
|   return p[i];
| }
| static char *f (char * (*g) (char **, int), char **p, ...)
| {
|   char *s;
|   va_list v;
|   va_start (v,p);
|   s = g (p, va_arg (v,int));
|   va_end (v);
|   return s;
| }
| 
| /* OSF 4.0 Compaq cc is some sort of almost-ANSI by default.  It has
|    function prototypes and stuff, but not '\xHH' hex character constants.
|    These don't provoke an error unfortunately, instead are silently treated
|    as 'x'.  The following induces an error, until -std is added to get
|    proper ANSI mode.  Curiously '\x00'!='x' always comes out true, for an
|    array size at least.  It's necessary to write '\x00'==0 to get something
|    that's true only with -std.  */
| int osf4_cc_array ['\x00' == 0 ? 1 : -1];
| 
| /* IBM C 6 for AIX is almost-ANSI by default, but it replaces macro parameters
|    inside strings and character constants.  */
| #define FOO(x) 'x'
| int xlc6_cc_array[FOO(a) == 'x' ? 1 : -1];
| 
| int test (int i, double x);
| struct s1 {int (*f) (int a);};
| struct s2 {int (*f) (double a);};
| int pairnames (int, char **, FILE *(*)(struct buf *, struct stat *, int), int, int);
| int argc;
| char **argv;
| int
| main ()
| {
| return f (e, argv, 0) != argv[0]  ||  f (e, argv, 1) != argv[1];
|   ;
|   return 0;
| }
configure:3929: g++-4.3 -qlanglvl=ansi -c -g -O2  conftest.c >&5
g++-4.3: unrecognized option '-qlanglvl=ansi'
conftest.c:23: error: 'p' was not declared in this scope
conftest.c:23: error: 'i' was not declared in this scope
conftest.c:23: error: initializer expression list treated as compound expression
conftest.c:24: error: expected ',' or ';' before 'char'
conftest.c:26: error: expected unqualified-id before '{' token
conftest.c: In function 'int main()':
conftest.c:62: error: cannot convert 'char*' to 'char* (*)(char**, int)' for argument '1' to 'char* f(char* (*)(char**, int), char**, ...)'
conftest.c:62: error: cannot convert 'char*' to 'char* (*)(char**, int)' for argument '1' to 'char* f(char* (*)(char**, int), char**, ...)'
configure:3935: $? = 1
configure: failed program was:
| /* confdefs.h.  */
| #define PACKAGE_NAME "qd"
| #define PACKAGE_TARNAME "qd"
| #define PACKAGE_VERSION "2.3.4"
| #define PACKAGE_STRING "qd 2.3.4"
| #define PACKAGE_BUGREPORT "yozo@cs.berkeley.edu"
| #define MAJOR_VERSION 2
| #define MINOR_VERSION 3
| #define PATCH_VERSION 4
| #define PACKAGE "qd"
| #define VERSION "2.3.4"
| #define QD_INLINE 1
| #define QD_SLOPPY_MUL 1
| #define QD_SLOPPY_DIV 1
| /* end confdefs.h.  */
| #include <stdarg.h>
| #include <stdio.h>
| #include <sys/types.h>
| #include <sys/stat.h>
| /* Most of the following tests are stolen from RCS 5.7's src/conf.sh.  */
| struct buf { int x; };
| FILE * (*rcsopen) (struct buf *, struct stat *, int);
| static char *e (p, i)
|      char **p;
|      int i;
| {
|   return p[i];
| }
| static char *f (char * (*g) (char **, int), char **p, ...)
| {
|   char *s;
|   va_list v;
|   va_start (v,p);
|   s = g (p, va_arg (v,int));
|   va_end (v);
|   return s;
| }
| 
| /* OSF 4.0 Compaq cc is some sort of almost-ANSI by default.  It has
|    function prototypes and stuff, but not '\xHH' hex character constants.
|    These don't provoke an error unfortunately, instead are silently treated
|    as 'x'.  The following induces an error, until -std is added to get
|    proper ANSI mode.  Curiously '\x00'!='x' always comes out true, for an
|    array size at least.  It's necessary to write '\x00'==0 to get something
|    that's true only with -std.  */
| int osf4_cc_array ['\x00' == 0 ? 1 : -1];
| 
| /* IBM C 6 for AIX is almost-ANSI by default, but it replaces macro parameters
|    inside strings and character constants.  */
| #define FOO(x) 'x'
| int xlc6_cc_array[FOO(a) == 'x' ? 1 : -1];
| 
| int test (int i, double x);
| struct s1 {int (*f) (int a);};
| struct s2 {int (*f) (double a);};
| int pairnames (int, char **, FILE *(*)(struct buf *, struct stat *, int), int, int);
| int argc;
| char **argv;
| int
| main ()
| {
| return f (e, argv, 0) != argv[0]  ||  f (e, argv, 1) != argv[1];
|   ;
|   return 0;
| }
configure:3929: g++-4.3 -std -c -g -O2  conftest.c >&5
cc1plus: error: unrecognized command line option "-std"
configure:3935: $? = 1
configure: failed program was:
| /* confdefs.h.  */
| #define PACKAGE_NAME "qd"
| #define PACKAGE_TARNAME "qd"
| #define PACKAGE_VERSION "2.3.4"
| #define PACKAGE_STRING "qd 2.3.4"
| #define PACKAGE_BUGREPORT "yozo@cs.berkeley.edu"
| #define MAJOR_VERSION 2
| #define MINOR_VERSION 3
| #define PATCH_VERSION 4
| #define PACKAGE "qd"
| #define VERSION "2.3.4"
| #define QD_INLINE 1
| #define QD_SLOPPY_MUL 1
| #define QD_SLOPPY_DIV 1
| /* end confdefs.h.  */
| #include <stdarg.h>
| #include <stdio.h>
| #include <sys/types.h>
| #include <sys/stat.h>
| /* Most of the following tests are stolen from RCS 5.7's src/conf.sh.  */
| struct buf { int x; };
| FILE * (*rcsopen) (struct buf *, struct stat *, int);
| static char *e (p, i)
|      char **p;
|      int i;
| {
|   return p[i];
| }
| static char *f (char * (*g) (char **, int), char **p, ...)
| {
|   char *s;
|   va_list v;
|   va_start (v,p);
|   s = g (p, va_arg (v,int));
|   va_end (v);
|   return s;
| }
| 
| /* OSF 4.0 Compaq cc is some sort of almost-ANSI by default.  It has
|    function prototypes and stuff, but not '\xHH' hex character constants.
|    These don't provoke an error unfortunately, instead are silently treated
|    as 'x'.  The following induces an error, until -std is added to get
|    proper ANSI mode.  Curiously '\x00'!='x' always comes out true, for an
|    array size at least.  It's necessary to write '\x00'==0 to get something
|    that's true only with -std.  */
| int osf4_cc_array ['\x00' == 0 ? 1 : -1];
| 
| /* IBM C 6 for AIX is almost-ANSI by default, but it replaces macro parameters
|    inside strings and character constants.  */
| #define FOO(x) 'x'
| int xlc6_cc_array[FOO(a) == 'x' ? 1 : -1];
| 
| int test (int i, double x);
| struct s1 {int (*f) (int a);};
| struct s2 {int (*f) (double a);};
| int pairnames (int, char **, FILE *(*)(struct buf *, struct stat *, int), int, int);
| int argc;
| char **argv;
| int
| main ()
| {
| return f (e, argv, 0) != argv[0]  ||  f (e, argv, 1) != argv[1];
|   ;
|   return 0;
| }
configure:3929: g++-4.3 -Ae -c -g -O2  conftest.c >&5
<command-line>: error: missing '(' after predicate
conftest.c:23: error: 'p' was not declared in this scope
conftest.c:23: error: 'i' was not declared in this scope
conftest.c:23: error: initializer expression list treated as compound expression
conftest.c:24: error: expected ',' or ';' before 'char'
conftest.c:26: error: expected unqualified-id before '{' token
conftest.c: In function 'int main()':
conftest.c:62: error: cannot convert 'char*' to 'char* (*)(char**, int)' for argument '1' to 'char* f(char* (*)(char**, int), char**, ...)'
conftest.c:62: error: cannot convert 'char*' to 'char* (*)(char**, int)' for argument '1' to 'char* f(char* (*)(char**, int), char**, ...)'
configure:3935: $? = 1
configure: failed program was:
| /* confdefs.h.  */
| #define PACKAGE_NAME "qd"
| #define PACKAGE_TARNAME "qd"
| #define PACKAGE_VERSION "2.3.4"
| #define PACKAGE_STRING "qd 2.3.4"
| #define PACKAGE_BUGREPORT "yozo@cs.berkeley.edu"
| #define MAJOR_VERSION 2
| #define MINOR_VERSION 3
| #define PATCH_VERSION 4
| #define PACKAGE "qd"
| #define VERSION "2.3.4"
| #define QD_INLINE 1
| #define QD_SLOPPY_MUL 1
| #define QD_SLOPPY_DIV 1
| /* end confdefs.h.  */
| #include <stdarg.h>
| #include <stdio.h>
| #include <sys/types.h>
| #include <sys/stat.h>
| /* Most of the following tests are stolen from RCS 5.7's src/conf.sh.  */
| struct buf { int x; };
| FILE * (*rcsopen) (struct buf *, struct stat *, int);
| static char *e (p, i)
|      char **p;
|      int i;
| {
|   return p[i];
| }
| static char *f (char * (*g) (char **, int), char **p, ...)
| {
|   char *s;
|   va_list v;
|   va_start (v,p);
|   s = g (p, va_arg (v,int));
|   va_end (v);
|   return s;
| }
| 
| /* OSF 4.0 Compaq cc is some sort of almost-ANSI by default.  It has
|    function prototypes and stuff, but not '\xHH' hex character constants.
|    These don't provoke an error unfortunately, instead are silently treated
|    as 'x'.  The following induces an error, until -std is added to get
|    proper ANSI mode.  Curiously '\x00'!='x' always comes out true, for an
|    array size at least.  It's necessary to write '\x00'==0 to get something
|    that's true only with -std.  */
| int osf4_cc_array ['\x00' == 0 ? 1 : -1];
| 
| /* IBM C 6 for AIX is almost-ANSI by default, but it replaces macro parameters
|    inside strings and character constants.  */
| #define FOO(x) 'x'
| int xlc6_cc_array[FOO(a) == 'x' ? 1 : -1];
| 
| int test (int i, double x);
| struct s1 {int (*f) (int a);};
| struct s2 {int (*f) (double a);};
| int pairnames (int, char **, FILE *(*)(struct buf *, struct stat *, int), int, int);
| int argc;
| char **argv;
| int
| main ()
| {
| return f (e, argv, 0) != argv[0]  ||  f (e, argv, 1) != argv[1];
|   ;
|   return 0;
| }
configure:3929: g++-4.3 -Aa -D_HPUX_SOURCE -c -g -O2  conftest.c >&5
<command-line>: error: missing '(' after predicate
conftest.c:23: error: 'p' was not declared in this scope
conftest.c:23: error: 'i' was not declared in this scope
conftest.c:23: error: initializer expression list treated as compound expression
conftest.c:24: error: expected ',' or ';' before 'char'
conftest.c:26: error: expected unqualified-id before '{' token
conftest.c: In function 'int main()':
conftest.c:62: error: cannot convert 'char*' to 'char* (*)(char**, int)' for argument '1' to 'char* f(char* (*)(char**, int), char**, ...)'
conftest.c:62: error: cannot convert 'char*' to 'char* (*)(char**, int)' for argument '1' to 'char* f(char* (*)(char**, int), char**, ...)'
configure:3935: $? = 1
configure: failed program was:
| /* confdefs.h.  */
| #define PACKAGE_NAME "qd"
| #define PACKAGE_TARNAME "qd"
| #define PACKAGE_VERSION "2.3.4"
| #define PACKAGE_STRING "qd 2.3.4"
| #define PACKAGE_BUGREPORT "yozo@cs.berkeley.edu"
| #define MAJOR_VERSION 2
| #define MINOR_VERSION 3
| #define PATCH_VERSION 4
| #define PACKAGE "qd"
| #define VERSION "2.3.4"
| #define QD_INLINE 1
| #define QD_SLOPPY_MUL 1
| #define QD_SLOPPY_DIV 1
| /* end confdefs.h.  */
| #include <stdarg.h>
| #include <stdio.h>
| #include <sys/types.h>
| #include <sys/stat.h>
| /* Most of the following tests are stolen from RCS 5.7's src/conf.sh.  */
| struct buf { int x; };
| FILE * (*rcsopen) (struct buf *, struct stat *, int);
| static char *e (p, i)
|      char **p;
|      int i;
| {
|   return p[i];
| }
| static char *f (char * (*g) (char **, int), char **p, ...)
| {
|   char *s;
|   va_list v;
|   va_start (v,p);
|   s = g (p, va_arg (v,int));
|   va_end (v);
|   return s;
| }
| 
| /* OSF 4.0 Compaq cc is some sort of almost-ANSI by default.  It has
|    function prototypes and stuff, but not '\xHH' hex character constants.
|    These don't provoke an error unfortunately, instead are silently treated
|    as 'x'.  The following induces an error, until -std is added to get
|    proper ANSI mode.  Curiously '\x00'!='x' always comes out true, for an
|    array size at least.  It's necessary to write '\x00'==0 to get something
|    that's true only with -std.  */
| int osf4_cc_array ['\x00' == 0 ? 1 : -1];
| 
| /* IBM C 6 for AIX is almost-ANSI by default, but it replaces macro parameters
|    inside strings and character constants.  */
| #define FOO(x) 'x'
| int xlc6_cc_array[FOO(a) == 'x' ? 1 : -1];
| 
| int test (int i, double x);
| struct s1 {int (*f) (int a);};
| struct s2 {int (*f) (double a);};
| int pairnames (int, char **, FILE *(*)(struct buf *, struct stat *, int), int, int);
| int argc;
| char **argv;
| int
| main ()
| {
| return f (e, argv, 0) != argv[0]  ||  f (e, argv, 1) != argv[1];
|   ;
|   return 0;
| }
configure:3929: g++-4.3 -Xc -D__EXTENSIONS__ -c -g -O2  conftest.c >&5
g++-4.3: unrecognized option '-Xc'
conftest.c:23: error: 'p' was not declared in this scope
conftest.c:23: error: 'i' was not declared in this scope
conftest.c:23: error: initializer expression list treated as compound expression
conftest.c:24: error: expected ',' or ';' before 'char'
conftest.c:26: error: expected unqualified-id before '{' token
conftest.c: In function 'int main()':
conftest.c:62: error: cannot convert 'char*' to 'char* (*)(char**, int)' for argument '1' to 'char* f(char* (*)(char**, int), char**, ...)'
conftest.c:62: error: cannot convert 'char*' to 'char* (*)(char**, int)' for argument '1' to 'char* f(char* (*)(char**, int), char**, ...)'
configure:3935: $? = 1
configure: failed program was:
| /* confdefs.h.  */
| #define PACKAGE_NAME "qd"
| #define PACKAGE_TARNAME "qd"
| #define PACKAGE_VERSION "2.3.4"
| #define PACKAGE_STRING "qd 2.3.4"
| #define PACKAGE_BUGREPORT "yozo@cs.berkeley.edu"
| #define MAJOR_VERSION 2
| #define MINOR_VERSION 3
| #define PATCH_VERSION 4
| #define PACKAGE "qd"
| #define VERSION "2.3.4"
| #define QD_INLINE 1
| #define QD_SLOPPY_MUL 1
| #define QD_SLOPPY_DIV 1
| /* end confdefs.h.  */
| #include <stdarg.h>
| #include <stdio.h>
| #include <sys/types.h>
| #include <sys/stat.h>
| /* Most of the following tests are stolen from RCS 5.7's src/conf.sh.  */
| struct buf { int x; };
| FILE * (*rcsopen) (struct buf *, struct stat *, int);
| static char *e (p, i)
|      char **p;
|      int i;
| {
|   return p[i];
| }
| static char *f (char * (*g) (char **, int), char **p, ...)
| {
|   char *s;
|   va_list v;
|   va_start (v,p);
|   s = g (p, va_arg (v,int));
|   va_end (v);
|   return s;
| }
| 
| /* OSF 4.0 Compaq cc is some sort of almost-ANSI by default.  It has
|    function prototypes and stuff, but not '\xHH' hex character constants.
|    These don't provoke an error unfortunately, instead are silently treated
|    as 'x'.  The following induces an error, until -std is added to get
|    proper ANSI mode.  Curiously '\x00'!='x' always comes out true, for an
|    array size at least.  It's necessary to write '\x00'==0 to get something
|    that's true only with -std.  */
| int osf4_cc_array ['\x00' == 0 ? 1 : -1];
| 
| /* IBM C 6 for AIX is almost-ANSI by default, but it replaces macro parameters
|    inside strings and character constants.  */
| #define FOO(x) 'x'
| int xlc6_cc_array[FOO(a) == 'x' ? 1 : -1];
| 
| int test (int i, double x);
| struct s1 {int (*f) (int a);};
| struct s2 {int (*f) (double a);};
| int pairnames (int, char **, FILE *(*)(struct buf *, struct stat *, int), int, int);
| int argc;
| char **argv;
| int
| main ()
| {
| return f (e, argv, 0) != argv[0]  ||  f (e, argv, 1) != argv[1];
|   ;
|   return 0;
| }
configure:3961: result: unsupported
configure:3978: checking dependency style of g++-4.3
configure:4069: result: gcc3
configure:5372: checking how to run the C++ preprocessor
configure:5408: g++-4.3 -E  conftest.cpp
configure:5414: $? = 0
configure:5445: g++-4.3 -E  conftest.cpp
conftest.cpp:16:28: error: ac_nonexistent.h: No such file or directory
configure:5451: $? = 1
configure: failed program was:
| /* confdefs.h.  */
| #define PACKAGE_NAME "qd"
| #define PACKAGE_TARNAME "qd"
| #define PACKAGE_VERSION "2.3.4"
| #define PACKAGE_STRING "qd 2.3.4"
| #define PACKAGE_BUGREPORT "yozo@cs.berkeley.edu"
| #define MAJOR_VERSION 2
| #define MINOR_VERSION 3
| #define PATCH_VERSION 4
| #define PACKAGE "qd"
| #define VERSION "2.3.4"
| #define QD_INLINE 1
| #define QD_SLOPPY_MUL 1
| #define QD_SLOPPY_DIV 1
| /* end confdefs.h.  */
| #include <ac_nonexistent.h>
configure:5484: result: g++-4.3 -E
configure:5513: g++-4.3 -E  conftest.cpp
configure:5519: $? = 0
configure:5550: g++-4.3 -E  conftest.cpp
conftest.cpp:16:28: error: ac_nonexistent.h: No such file or directory
configure:5556: $? = 1
configure: failed program was:
| /* confdefs.h.  */
| #define PACKAGE_NAME "qd"
| #define PACKAGE_TARNAME "qd"
| #define PACKAGE_VERSION "2.3.4"
| #define PACKAGE_STRING "qd 2.3.4"
| #define PACKAGE_BUGREPORT "yozo@cs.berkeley.edu"
| #define MAJOR_VERSION 2
| #define MINOR_VERSION 3
| #define PATCH_VERSION 4
| #define PACKAGE "qd"
| #define VERSION "2.3.4"
| #define QD_INLINE 1
| #define QD_SLOPPY_MUL 1
| #define QD_SLOPPY_DIV 1
| /* end confdefs.h.  */
| #include <ac_nonexistent.h>
configure:5594: checking for grep that handles long lines and -e
configure:5668: result: /bin/grep
configure:5673: checking for egrep
configure:5751: result: /bin/grep -E
configure:5756: checking for ANSI C header files
configure:5786: g++-4.3 -c -O3 -funroll-all-loops -Wall -msse2 -mssse3 -mtune=core2   conftest.cpp >&5
configure:5792: $? = 0
configure:5891: g++-4.3 -o conftest -O3 -funroll-all-loops -Wall -msse2 -mssse3 -mtune=core2    conftest.cpp  >&5
configure:5894: $? = 0
configure:5900: ./conftest
configure:5903: $? = 0
configure:5920: result: yes
configure:5944: checking for sys/types.h
configure:5965: g++-4.3 -c -O3 -funroll-all-loops -Wall -msse2 -mssse3 -mtune=core2   conftest.cpp >&5
configure:5971: $? = 0
configure:5987: result: yes
configure:5944: checking for sys/stat.h
configure:5965: g++-4.3 -c -O3 -funroll-all-loops -Wall -msse2 -mssse3 -mtune=core2   conftest.cpp >&5
configure:5971: $? = 0
configure:5987: result: yes
configure:5944: checking for stdlib.h
configure:5965: g++-4.3 -c -O3 -funroll-all-loops -Wall -msse2 -mssse3 -mtune=core2   conftest.cpp >&5
configure:5971: $? = 0
configure:5987: result: yes
configure:5944: checking for string.h
configure:5965: g++-4.3 -c -O3 -funroll-all-loops -Wall -msse2 -mssse3 -mtune=core2   conftest.cpp >&5
configure:5971: $? = 0
configure:5987: result: yes
configure:5944: checking for memory.h
configure:5965: g++-4.3 -c -O3 -funroll-all-loops -Wall -msse2 -mssse3 -mtune=core2   conftest.cpp >&5
configure:5971: $? = 0
configure:5987: result: yes
configure:5944: checking for strings.h
configure:5965: g++-4.3 -c -O3 -funroll-all-loops -Wall -msse2 -mssse3 -mtune=core2   conftest.cpp >&5
configure:5971: $? = 0
configure:5987: result: yes
configure:5944: checking for inttypes.h
configure:5965: g++-4.3 -c -O3 -funroll-all-loops -Wall -msse2 -mssse3 -mtune=core2   conftest.cpp >&5
configure:5971: $? = 0
configure:5987: result: yes
configure:5944: checking for stdint.h
configure:5965: g++-4.3 -c -O3 -funroll-all-loops -Wall -msse2 -mssse3 -mtune=core2   conftest.cpp >&5
configure:5971: $? = 0
configure:5987: result: yes
configure:5944: checking for unistd.h
configure:5965: g++-4.3 -c -O3 -funroll-all-loops -Wall -msse2 -mssse3 -mtune=core2   conftest.cpp >&5
configure:5971: $? = 0
configure:5987: result: yes
configure:6014: checking ieeefp.h usability
configure:6031: g++-4.3 -c -O3 -funroll-all-loops -Wall -msse2 -mssse3 -mtune=core2   conftest.cpp >&5
conftest.cpp:59:20: error: ieeefp.h: No such file or directory
configure:6037: $? = 1
configure: failed program was:
| /* confdefs.h.  */
| #define PACKAGE_NAME "qd"
| #define PACKAGE_TARNAME "qd"
| #define PACKAGE_VERSION "2.3.4"
| #define PACKAGE_STRING "qd 2.3.4"
| #define PACKAGE_BUGREPORT "yozo@cs.berkeley.edu"
| #define MAJOR_VERSION 2
| #define MINOR_VERSION 3
| #define PATCH_VERSION 4
| #define PACKAGE "qd"
| #define VERSION "2.3.4"
| #define QD_INLINE 1
| #define QD_SLOPPY_MUL 1
| #define QD_SLOPPY_DIV 1
| #define STDC_HEADERS 1
| #define HAVE_SYS_TYPES_H 1
| #define HAVE_SYS_STAT_H 1
| #define HAVE_STDLIB_H 1
| #define HAVE_STRING_H 1
| #define HAVE_MEMORY_H 1
| #define HAVE_STRINGS_H 1
| #define HAVE_INTTYPES_H 1
| #define HAVE_STDINT_H 1
| #define HAVE_UNISTD_H 1
| /* end confdefs.h.  */
| #include <stdio.h>
| #ifdef HAVE_SYS_TYPES_H
| # include <sys/types.h>
| #endif
| #ifdef HAVE_SYS_STAT_H
| # include <sys/stat.h>
| #endif
| #ifdef STDC_HEADERS
| # include <stdlib.h>
| # include <stddef.h>
| #else
| # ifdef HAVE_STDLIB_H
| #  include <stdlib.h>
| # endif
| #endif
| #ifdef HAVE_STRING_H
| # if !defined STDC_HEADERS && defined HAVE_MEMORY_H
| #  include <memory.h>
| # endif
| # include <string.h>
| #endif
| #ifdef HAVE_STRINGS_H
| # include <strings.h>
| #endif
| #ifdef HAVE_INTTYPES_H
| # include <inttypes.h>
| #endif
| #ifdef HAVE_STDINT_H
| # include <stdint.h>
| #endif
| #ifdef HAVE_UNISTD_H
| # include <unistd.h>
| #endif
| #include <ieeefp.h>
configure:6051: result: no
configure:6055: checking ieeefp.h presence
configure:6070: g++-4.3 -E  conftest.cpp
conftest.cpp:26:20: error: ieeefp.h: No such file or directory
configure:6076: $? = 1
configure: failed program was:
| /* confdefs.h.  */
| #define PACKAGE_NAME "qd"
| #define PACKAGE_TARNAME "qd"
| #define PACKAGE_VERSION "2.3.4"
| #define PACKAGE_STRING "qd 2.3.4"
| #define PACKAGE_BUGREPORT "yozo@cs.berkeley.edu"
| #define MAJOR_VERSION 2
| #define MINOR_VERSION 3
| #define PATCH_VERSION 4
| #define PACKAGE "qd"
| #define VERSION "2.3.4"
| #define QD_INLINE 1
| #define QD_SLOPPY_MUL 1
| #define QD_SLOPPY_DIV 1
| #define STDC_HEADERS 1
| #define HAVE_SYS_TYPES_H 1
| #define HAVE_SYS_STAT_H 1
| #define HAVE_STDLIB_H 1
| #define HAVE_STRING_H 1
| #define HAVE_MEMORY_H 1
| #define HAVE_STRINGS_H 1
| #define HAVE_INTTYPES_H 1
| #define HAVE_STDINT_H 1
| #define HAVE_UNISTD_H 1
| /* end confdefs.h.  */
| #include <ieeefp.h>
configure:6090: result: no
configure:6123: checking for ieeefp.h
configure:6131: result: no
configure:6149: checking for stdbool.h that conforms to C99
configure:6242: g++-4.3 -c -O3 -funroll-all-loops -Wall -msse2 -mssse3 -mtune=core2   conftest.cpp >&5
conftest.cpp:53: warning: the address of 's' will always evaluate as 'true'
conftest.cpp: In function 'int main()':
conftest.cpp:95: warning: the address of 'a' will always evaluate as 'true'
conftest.cpp:95: warning: the address of 'b' will always evaluate as 'true'
conftest.cpp:95: warning: the address of 'c' will always evaluate as 'true'
conftest.cpp:95: warning: the address of 'd' will always evaluate as 'true'
conftest.cpp:95: warning: the address of 'f' will always evaluate as 'true'
conftest.cpp:95: warning: the address of 'g' will always evaluate as 'true'
conftest.cpp:95: warning: the address of 'h' will always evaluate as 'true'
conftest.cpp:95: warning: the address of 'i' will always evaluate as 'true'
conftest.cpp:96: warning: the address of 'n' will always evaluate as 'true'
conftest.cpp:96: warning: the address of 'o' will always evaluate as 'true'
conftest.cpp:96: warning: the address of 'p' will always evaluate as 'true'
configure:6248: $? = 0
configure:6263: result: yes
configure:6265: checking for _Bool
configure:6295: g++-4.3 -c -O3 -funroll-all-loops -Wall -msse2 -mssse3 -mtune=core2   conftest.cpp >&5
conftest.cpp:59: error: '_Bool' does not name a type
conftest.cpp: In function 'int main()':
conftest.cpp:63: error: 'ac__type_new_' was not declared in this scope
conftest.cpp:63: error: expected primary-expression before ')' token
conftest.cpp:63: error: expected `)' before numeric constant
conftest.cpp:65: error: 'ac__type_new_' was not declared in this scope
configure:6301: $? = 1
configure: failed program was:
| /* confdefs.h.  */
| #define PACKAGE_NAME "qd"
| #define PACKAGE_TARNAME "qd"
| #define PACKAGE_VERSION "2.3.4"
| #define PACKAGE_STRING "qd 2.3.4"
| #define PACKAGE_BUGREPORT "yozo@cs.berkeley.edu"
| #define MAJOR_VERSION 2
| #define MINOR_VERSION 3
| #define PATCH_VERSION 4
| #define PACKAGE "qd"
| #define VERSION "2.3.4"
| #define QD_INLINE 1
| #define QD_SLOPPY_MUL 1
| #define QD_SLOPPY_DIV 1
| #define STDC_HEADERS 1
| #define HAVE_SYS_TYPES_H 1
| #define HAVE_SYS_STAT_H 1
| #define HAVE_STDLIB_H 1
| #define HAVE_STRING_H 1
| #define HAVE_MEMORY_H 1
| #define HAVE_STRINGS_H 1
| #define HAVE_INTTYPES_H 1
| #define HAVE_STDINT_H 1
| #define HAVE_UNISTD_H 1
| /* end confdefs.h.  */
| #include <stdio.h>
| #ifdef HAVE_SYS_TYPES_H
| # include <sys/types.h>
| #endif
| #ifdef HAVE_SYS_STAT_H
| # include <sys/stat.h>
| #endif
| #ifdef STDC_HEADERS
| # include <stdlib.h>
| # include <stddef.h>
| #else
| # ifdef HAVE_STDLIB_H
| #  include <stdlib.h>
| # endif
| #endif
| #ifdef HAVE_STRING_H
| # if !defined STDC_HEADERS && defined HAVE_MEMORY_H
| #  include <memory.h>
| # endif
| # include <string.h>
| #endif
| #ifdef HAVE_STRINGS_H
| # include <strings.h>
| #endif
| #ifdef HAVE_INTTYPES_H
| # include <inttypes.h>
| #endif
| #ifdef HAVE_STDINT_H
| # include <stdint.h>
| #endif
| #ifdef HAVE_UNISTD_H
| # include <unistd.h>
| #endif
| typedef _Bool ac__type_new_;
| int
| main ()
| {
| if ((ac__type_new_ *) 0)
|   return 0;
| if (sizeof (ac__type_new_))
|   return 0;
|   ;
|   return 0;
| }
configure:6316: result: no
configure:6335: checking whether time.h and sys/time.h may both be included
configure:6365: g++-4.3 -c -O3 -funroll-all-loops -Wall -msse2 -mssse3 -mtune=core2   conftest.cpp >&5
configure:6371: $? = 0
configure:6386: result: yes
configure:6396: checking whether struct tm is in sys/time.h or time.h
configure:6426: g++-4.3 -c -O3 -funroll-all-loops -Wall -msse2 -mssse3 -mtune=core2   conftest.cpp >&5
configure:6432: $? = 0
configure:6447: result: time.h
configure:6459: checking whether x86 FPU control code is needed
configure:6472: result: yes
configure:6490: checking fpu_control.h usability
configure:6507: g++-4.3 -c -O3 -funroll-all-loops -Wall -msse2 -mssse3 -mtune=core2   conftest.cpp >&5
configure:6513: $? = 0
configure:6527: result: yes
configure:6531: checking fpu_control.h presence
configure:6546: g++-4.3 -E  conftest.cpp
configure:6552: $? = 0
configure:6566: result: yes
configure:6599: checking for fpu_control.h
configure:6607: result: yes
configure:6627: checking for gettimeofday
configure:6683: g++-4.3 -o conftest -O3 -funroll-all-loops -Wall -msse2 -mssse3 -mtune=core2    conftest.cpp  >&5
configure:6689: $? = 0
configure:6707: result: yes
configure:6718: checking for clock_gettime useability
configure:6741: g++-4.3 -c -O3 -funroll-all-loops -Wall -msse2 -mssse3 -mtune=core2   conftest.cpp >&5
configure:6747: $? = 0
configure:6767: result: yes
configure:6771: checking for library containing clock_gettime
configure:6812: g++-4.3 -o conftest -O3 -funroll-all-loops -Wall -msse2 -mssse3 -mtune=core2    conftest.cpp  >&5
/tmp/ccmj4xp8.o: In function `main':
conftest.cpp:(.text+0x12): undefined reference to `clock_gettime'
collect2: ld returned 1 exit status
configure:6818: $? = 1
configure: failed program was:
| /* confdefs.h.  */
| #define PACKAGE_NAME "qd"
| #define PACKAGE_TARNAME "qd"
| #define PACKAGE_VERSION "2.3.4"
| #define PACKAGE_STRING "qd 2.3.4"
| #define PACKAGE_BUGREPORT "yozo@cs.berkeley.edu"
| #define MAJOR_VERSION 2
| #define MINOR_VERSION 3
| #define PATCH_VERSION 4
| #define PACKAGE "qd"
| #define VERSION "2.3.4"
| #define QD_INLINE 1
| #define QD_SLOPPY_MUL 1
| #define QD_SLOPPY_DIV 1
| #define STDC_HEADERS 1
| #define HAVE_SYS_TYPES_H 1
| #define HAVE_SYS_STAT_H 1
| #define HAVE_STDLIB_H 1
| #define HAVE_STRING_H 1
| #define HAVE_MEMORY_H 1
| #define HAVE_STRINGS_H 1
| #define HAVE_INTTYPES_H 1
| #define HAVE_STDINT_H 1
| #define HAVE_UNISTD_H 1
| #define HAVE_STDBOOL_H 1
| #define TIME_WITH_SYS_TIME 1
| #define X86 1
| #define HAVE_FPU_CONTROL_H 1
| #define HAVE_GETTIMEOFDAY 1
| /* end confdefs.h.  */
| 
| /* Override any GCC internal prototype to avoid an error.
|    Use char because int might match the return type of a GCC
|    builtin and then its argument prototype would still apply.  */
| #ifdef __cplusplus
| extern "C"
| #endif
| char clock_gettime ();
| int
| main ()
| {
| return clock_gettime ();
|   ;
|   return 0;
| }
configure:6812: g++-4.3 -o conftest -O3 -funroll-all-loops -Wall -msse2 -mssse3 -mtune=core2    conftest.cpp -lrt   >&5
configure:6818: $? = 0
configure:6846: result: -lrt
configure:6860: checking for isnan
configure:6882: g++-4.3 -c -O3 -funroll-all-loops -Wall -msse2 -mssse3 -mtune=core2   conftest.cpp >&5
configure:6888: $? = 0
configure:6893: result: std::isnan
configure:6956: checking for isinf
configure:6978: g++-4.3 -c -O3 -funroll-all-loops -Wall -msse2 -mssse3 -mtune=core2   conftest.cpp >&5
configure:6984: $? = 0
configure:6989: result: std::isinf
configure:7052: checking for isfinite
configure:7074: g++-4.3 -c -O3 -funroll-all-loops -Wall -msse2 -mssse3 -mtune=core2   conftest.cpp >&5
configure:7080: $? = 0
configure:7085: result: std::isfinite
configure:7148: checking for copysign
configure:7170: g++-4.3 -c -O3 -funroll-all-loops -Wall -msse2 -mssse3 -mtune=core2   conftest.cpp >&5
conftest.cpp: In function 'int main()':
conftest.cpp:3: error: 'copysign' is not a member of 'std'
configure:7176: $? = 1
configure: failed program was:
| #include <cmath>
|                    int main() {
|                      std::copysign(1.0, 1.0);
|                      return 0;
|                    }
configure:7206: g++-4.3 -c -O3 -funroll-all-loops -Wall -msse2 -mssse3 -mtune=core2   conftest.cpp >&5
configure:7212: $? = 0
configure:7217: result: ::copysign
configure:7329: checking for xlf95
configure:7359: result: no
configure:7329: checking for ifort
configure:7359: result: no
configure:7329: checking for pathf95
configure:7359: result: no
configure:7329: checking for f95
configure:7345: found /usr/bin/f95
configure:7356: result: f95
configure:7386: checking for Fortran compiler version
configure:7393: f95 --version >&5
GNU Fortran (GCC) 4.2.1 (Ubuntu 4.2.1-5ubuntu4)
Copyright (C) 2007 Free Software Foundation, Inc.

GNU Fortran comes with NO WARRANTY, to the extent permitted by law.
You may redistribute copies of GNU Fortran
under the terms of the GNU General Public License.
For more information about these matters, see the file named COPYING

configure:7396: $? = 0
configure:7403: f95 -v >&5
Using built-in specs.
Target: i486-linux-gnu
Configured with: ../src/configure -v --enable-languages=c,c++,fortran,objc,obj-c++,treelang --prefix=/usr --enable-shared --with-system-zlib --libexecdir=/usr/lib --without-included-gettext --enable-threads=posix --enable-nls --with-gxx-include-dir=/usr/include/c++/4.2 --program-suffix=-4.2 --enable-clocale=gnu --enable-libstdcxx-debug --enable-mpfr --enable-targets=all --enable-checking=release --build=i486-linux-gnu --host=i486-linux-gnu --target=i486-linux-gnu
Thread model: posix
gcc version 4.2.1 (Ubuntu 4.2.1-5ubuntu4)
configure:7406: $? = 0
configure:7413: f95 -V >&5
f95: '-V' option must have argument
configure:7416: $? = 1
configure:7424: checking whether we are using the GNU Fortran compiler
configure:7443: f95 -c -O2  conftest.F >&5
configure:7449: $? = 0
configure:7466: result: yes
configure:7472: checking whether f95 accepts -g
configure:7489: f95 -c -g  conftest.f >&5
configure:7495: $? = 0
configure:7511: result: yes
configure:7549: checking how to get verbose linking output from f95
configure:7565: f95 -c -O2  conftest.f >&5
configure:7571: $? = 0
configure:7593: f95 -o conftest -O2 -v conftest.f -lrt
Using built-in specs.
Target: i486-linux-gnu
Configured with: ../src/configure -v --enable-languages=c,c++,fortran,objc,obj-c++,treelang --prefix=/usr --enable-shared --with-system-zlib --libexecdir=/usr/lib --without-included-gettext --enable-threads=posix --enable-nls --with-gxx-include-dir=/usr/include/c++/4.2 --program-suffix=-4.2 --enable-clocale=gnu --enable-libstdcxx-debug --enable-mpfr --enable-targets=all --enable-checking=release --build=i486-linux-gnu --host=i486-linux-gnu --target=i486-linux-gnu
Thread model: posix
gcc version 4.2.1 (Ubuntu 4.2.1-5ubuntu4)
 /usr/lib/gcc/i486-linux-gnu/4.2.1/f951 conftest.f -ffixed-form -quiet -dumpbase conftest.f -mtune=generic -auxbase conftest -O2 -version -fstack-protector -I /usr/lib/gcc/i486-linux-gnu/4.2.1/finclude -o /tmp/ccZize36.s
GNU F95 version 4.2.1 (Ubuntu 4.2.1-5ubuntu4) (i486-linux-gnu)
	compiled by GNU C version 4.2.1 (Ubuntu 4.2.1-5ubuntu4).
GGC heuristics: --param ggc-min-expand=100 --param ggc-min-heapsize=131072
 as --traditional-format -V -Qy -o /tmp/ccMsRWu4.o /tmp/ccZize36.s
GNU assembler version 2.18 (i486-linux-gnu) using BFD version (GNU Binutils for Ubuntu) 2.18
 /usr/lib/gcc/i486-linux-gnu/4.2.1/collect2 --eh-frame-hdr -m elf_i386 --hash-style=both -dynamic-linker /lib/ld-linux.so.2 -o conftest /usr/lib/gcc/i486-linux-gnu/4.2.1/../../../../lib/crt1.o /usr/lib/gcc/i486-linux-gnu/4.2.1/../../../../lib/crti.o /usr/lib/gcc/i486-linux-gnu/4.2.1/crtbegin.o -L/usr/lib/gcc/i486-linux-gnu/4.2.1 -L/usr/lib/gcc/i486-linux-gnu/4.2.1 -L/usr/lib/gcc/i486-linux-gnu/4.2.1/../../../../lib -L/lib/../lib -L/usr/lib/../lib -L/usr/lib/gcc/i486-linux-gnu/4.2.1/../../.. /tmp/ccMsRWu4.o -lrt -lgfortranbegin -lgfortran -lm -lgcc_s -lgcc -lc -lgcc_s -lgcc /usr/lib/gcc/i486-linux-gnu/4.2.1/crtend.o /usr/lib/gcc/i486-linux-gnu/4.2.1/../../../../lib/crtn.o
configure:7659: result: -v
configure:7661: checking for Fortran libraries of f95
configure:7684: f95 -o conftest -O2 -v conftest.f -lrt
Using built-in specs.
Target: i486-linux-gnu
Configured with: ../src/configure -v --enable-languages=c,c++,fortran,objc,obj-c++,treelang --prefix=/usr --enable-shared --with-system-zlib --libexecdir=/usr/lib --without-included-gettext --enable-threads=posix --enable-nls --with-gxx-include-dir=/usr/include/c++/4.2 --program-suffix=-4.2 --enable-clocale=gnu --enable-libstdcxx-debug --enable-mpfr --enable-targets=all --enable-checking=release --build=i486-linux-gnu --host=i486-linux-gnu --target=i486-linux-gnu
Thread model: posix
gcc version 4.2.1 (Ubuntu 4.2.1-5ubuntu4)
 /usr/lib/gcc/i486-linux-gnu/4.2.1/f951 conftest.f -ffixed-form -quiet -dumpbase conftest.f -mtune=generic -auxbase conftest -O2 -version -fstack-protector -I /usr/lib/gcc/i486-linux-gnu/4.2.1/finclude -o /tmp/ccY7hCN9.s
GNU F95 version 4.2.1 (Ubuntu 4.2.1-5ubuntu4) (i486-linux-gnu)
	compiled by GNU C version 4.2.1 (Ubuntu 4.2.1-5ubuntu4).
GGC heuristics: --param ggc-min-expand=100 --param ggc-min-heapsize=131072
 as --traditional-format -V -Qy -o /tmp/cciUHqkc.o /tmp/ccY7hCN9.s
GNU assembler version 2.18 (i486-linux-gnu) using BFD version (GNU Binutils for Ubuntu) 2.18
 /usr/lib/gcc/i486-linux-gnu/4.2.1/collect2 --eh-frame-hdr -m elf_i386 --hash-style=both -dynamic-linker /lib/ld-linux.so.2 -o conftest /usr/lib/gcc/i486-linux-gnu/4.2.1/../../../../lib/crt1.o /usr/lib/gcc/i486-linux-gnu/4.2.1/../../../../lib/crti.o /usr/lib/gcc/i486-linux-gnu/4.2.1/crtbegin.o -L/usr/lib/gcc/i486-linux-gnu/4.2.1 -L/usr/lib/gcc/i486-linux-gnu/4.2.1 -L/usr/lib/gcc/i486-linux-gnu/4.2.1/../../../../lib -L/lib/../lib -L/usr/lib/../lib -L/usr/lib/gcc/i486-linux-gnu/4.2.1/../../.. /tmp/cciUHqkc.o -lrt -lgfortranbegin -lgfortran -lm -lgcc_s -lgcc -lc -lgcc_s -lgcc /usr/lib/gcc/i486-linux-gnu/4.2.1/crtend.o /usr/lib/gcc/i486-linux-gnu/4.2.1/../../../../lib/crtn.o
configure:7858: result:  -L/usr/lib/gcc/i486-linux-gnu/4.2.1 -L/usr/lib/gcc/i486-linux-gnu/4.2.1/../../../../lib -L/lib/../lib -L/usr/lib/../lib -L/usr/lib/gcc/i486-linux-gnu/4.2.1/../../.. -lrt -lgfortranbegin -lgfortran -lm
configure:7872: checking for Fortran flag needed to allow free-form source
configure:7897: f95 -c -O2  conftest.f >&5
conftest.f:2.3:

  program freeform                                                      
  1
Error: Non-numeric character in statement label at (1)
conftest.f:2.3:

  program freeform                                                      
  1
Error: Unclassifiable statement at (1)
conftest.f:4.25:

       print *, 'Hello ', &                                             
                        1
Error: Expected expression in PRINT statement at (1)
conftest.f:5.11:

           'world.'                                                     
          1
Error: Unclassifiable statement at (1)
configure:7903: $? = 1
configure: failed program was:
| 
|   program freeform
|        ! FIXME: how to best confuse non-freeform compilers?
|        print *, 'Hello ', &
|            'world.'
|        end
configure:7897: f95 -c -O2 -ffree-form  conftest.f >&5
configure:7903: $? = 0
configure:7922: result: -ffree-form
configure:7960: checking for etime
configure:7983: f95 -o conftest -O2 -ffree-form   conftest.f -lrt  >&5
configure:7989: $? = 0
configure:8015: result: etime
configure:8029: checking whether extra library is needed to link Fortran and C++
configure:8068: g++-4.3 -o conftest -O3 -funroll-all-loops -Wall -msse2 -mssse3 -mtune=core2    conftest.cpp -lrt   -L/usr/lib/gcc/i486-linux-gnu/4.2.1 -L/usr/lib/gcc/i486-linux-gnu/4.2.1/../../../../lib -L/lib/../lib -L/usr/lib/../lib -L/usr/lib/gcc/i486-linux-gnu/4.2.1/../../.. -lrt -lgfortranbegin -lgfortran -lm  >&5
configure:8074: $? = 0
configure:8101: result: none
configure:8122: checking for dummy main to link with Fortran libraries
configure:8166: g++-4.3 -o conftest -g -O2   conftest.c -lrt   -L/usr/lib/gcc/i486-linux-gnu/4.2.1 -L/usr/lib/gcc/i486-linux-gnu/4.2.1/../../../../lib -L/lib/../lib -L/usr/lib/../lib -L/usr/lib/gcc/i486-linux-gnu/4.2.1/../../.. -lrt -lgfortranbegin -lgfortran -lm  >&5
configure:8172: $? = 0
configure:8253: result: none
configure:8289: checking for Fortran name-mangling scheme
configure:8308: f95 -c -O2 -ffree-form  conftest.f >&5
configure:8314: $? = 0
configure:8369: g++-4.3 -o conftest -g -O2   conftest.c cfortran_test.o -lrt   -L/usr/lib/gcc/i486-linux-gnu/4.2.1 -L/usr/lib/gcc/i486-linux-gnu/4.2.1/../../../../lib -L/lib/../lib -L/usr/lib/../lib -L/usr/lib/gcc/i486-linux-gnu/4.2.1/../../.. -lrt -lgfortranbegin -lgfortran -lm  >&5
/tmp/cc2RhS0x.o: In function `main':
/home/jt/downloads/qd-2.3.4/conftest.c:58: undefined reference to `foobar'
collect2: ld returned 1 exit status
configure:8375: $? = 1
configure: failed program was:
| /* confdefs.h.  */
| #define PACKAGE_NAME "qd"
| #define PACKAGE_TARNAME "qd"
| #define PACKAGE_VERSION "2.3.4"
| #define PACKAGE_STRING "qd 2.3.4"
| #define PACKAGE_BUGREPORT "yozo@cs.berkeley.edu"
| #define MAJOR_VERSION 2
| #define MINOR_VERSION 3
| #define PATCH_VERSION 4
| #define PACKAGE "qd"
| #define VERSION "2.3.4"
| #define QD_INLINE 1
| #define QD_SLOPPY_MUL 1
| #define QD_SLOPPY_DIV 1
| #define STDC_HEADERS 1
| #define HAVE_SYS_TYPES_H 1
| #define HAVE_SYS_STAT_H 1
| #define HAVE_STDLIB_H 1
| #define HAVE_STRING_H 1
| #define HAVE_MEMORY_H 1
| #define HAVE_STRINGS_H 1
| #define HAVE_INTTYPES_H 1
| #define HAVE_STDINT_H 1
| #define HAVE_UNISTD_H 1
| #define HAVE_STDBOOL_H 1
| #define TIME_WITH_SYS_TIME 1
| #define X86 1
| #define HAVE_FPU_CONTROL_H 1
| #define HAVE_GETTIMEOFDAY 1
| #define HAVE_CLOCK_GETTIME 1
| #define QD_ISNAN(x) std::isnan(x)
| #define QD_ISINF(x) std::isinf(x)
| #define QD_ISFINITE(x) std::isfinite(x)
| #define QD_COPYSIGN(x, y) ::copysign(x, y)
| #define QD_API
| #define QD_HAVE_STD 1
| #define HAVE_FORTRAN 1
| /* end confdefs.h.  */
| 
| /* Override any GCC internal prototype to avoid an error.
|    Use char because int might match the return type of a GCC
|    builtin and then its argument prototype would still apply.  */
| #ifdef __cplusplus
| extern "C"
| #endif
| char foobar ();
| #ifdef FC_DUMMY_MAIN
| #ifndef FC_DUMMY_MAIN_EQ_F77
| #  ifdef __cplusplus
|      extern "C"
| #  endif
|    int FC_DUMMY_MAIN() { return 1; }
| #endif
| #endif
| int
| main ()
| {
| return foobar ();
|   ;
|   return 0;
| }
configure:8369: g++-4.3 -o conftest -g -O2   conftest.c cfortran_test.o -lrt   -L/usr/lib/gcc/i486-linux-gnu/4.2.1 -L/usr/lib/gcc/i486-linux-gnu/4.2.1/../../../../lib -L/lib/../lib -L/usr/lib/../lib -L/usr/lib/gcc/i486-linux-gnu/4.2.1/../../.. -lrt -lgfortranbegin -lgfortran -lm  >&5
configure:8375: $? = 0
configure:8454: g++-4.3 -o conftest -g -O2   conftest.c cfortran_test.o -lrt   -L/usr/lib/gcc/i486-linux-gnu/4.2.1 -L/usr/lib/gcc/i486-linux-gnu/4.2.1/../../../../lib -L/lib/../lib -L/usr/lib/../lib -L/usr/lib/gcc/i486-linux-gnu/4.2.1/../../.. -lrt -lgfortranbegin -lgfortran -lm  >&5
configure:8460: $? = 0
configure:8517: result: lower case, underscore, no extra underscore
configure:8619: checking for alternate main to link with Fortran libraries
configure:8669: g++-4.3 -o conftest -g -O2   conftest.c -lrt   -L/usr/lib/gcc/i486-linux-gnu/4.2.1 -L/usr/lib/gcc/i486-linux-gnu/4.2.1/../../../../lib -L/lib/../lib -L/usr/lib/../lib -L/usr/lib/gcc/i486-linux-gnu/4.2.1/../../.. -lrt -lgfortranbegin -lgfortran -lm  >&5
/usr/lib/gcc/i486-linux-gnu/4.2.1/libgfortranbegin.a(fmain.o): In function `main':
(.text+0x23): undefined reference to `MAIN__'
collect2: ld returned 1 exit status
configure:8675: $? = 1
configure: failed program was:
| /* confdefs.h.  */
| #define PACKAGE_NAME "qd"
| #define PACKAGE_TARNAME "qd"
| #define PACKAGE_VERSION "2.3.4"
| #define PACKAGE_STRING "qd 2.3.4"
| #define PACKAGE_BUGREPORT "yozo@cs.berkeley.edu"
| #define MAJOR_VERSION 2
| #define MINOR_VERSION 3
| #define PATCH_VERSION 4
| #define PACKAGE "qd"
| #define VERSION "2.3.4"
| #define QD_INLINE 1
| #define QD_SLOPPY_MUL 1
| #define QD_SLOPPY_DIV 1
| #define STDC_HEADERS 1
| #define HAVE_SYS_TYPES_H 1
| #define HAVE_SYS_STAT_H 1
| #define HAVE_STDLIB_H 1
| #define HAVE_STRING_H 1
| #define HAVE_MEMORY_H 1
| #define HAVE_STRINGS_H 1
| #define HAVE_INTTYPES_H 1
| #define HAVE_STDINT_H 1
| #define HAVE_UNISTD_H 1
| #define HAVE_STDBOOL_H 1
| #define TIME_WITH_SYS_TIME 1
| #define X86 1
| #define HAVE_FPU_CONTROL_H 1
| #define HAVE_GETTIMEOFDAY 1
| #define HAVE_CLOCK_GETTIME 1
| #define QD_ISNAN(x) std::isnan(x)
| #define QD_ISINF(x) std::isinf(x)
| #define QD_ISFINITE(x) std::isfinite(x)
| #define QD_COPYSIGN(x, y) ::copysign(x, y)
| #define QD_API
| #define QD_HAVE_STD 1
| #define HAVE_FORTRAN 1
| #define FC_FUNC(name,NAME) name ## _
| #define FC_FUNC_(name,NAME) name ## _
| /* end confdefs.h.  */
| #ifdef FC_DUMMY_MAIN_EQ_F77
| #  undef F77_DUMMY_MAIN
| #  undef FC_DUMMY_MAIN
| #else
| #  undef FC_DUMMY_MAIN
| #endif
| #define main MAIN__
| #ifdef FC_DUMMY_MAIN
| #ifndef FC_DUMMY_MAIN_EQ_F77
| #  ifdef __cplusplus
|      extern "C"
| #  endif
|    int FC_DUMMY_MAIN() { return 1; }
| #endif
| #endif
| int
| main ()
| {
| 
|   ;
|   return 0;
| }
configure:8669: g++-4.3 -o conftest -g -O2   conftest.c -lrt   -L/usr/lib/gcc/i486-linux-gnu/4.2.1 -L/usr/lib/gcc/i486-linux-gnu/4.2.1/../../../../lib -L/lib/../lib -L/usr/lib/../lib -L/usr/lib/gcc/i486-linux-gnu/4.2.1/../../.. -lrt -lgfortranbegin -lgfortran -lm  >&5
/usr/lib/gcc/i486-linux-gnu/4.2.1/libgfortranbegin.a(fmain.o): In function `main':
(.text+0x23): undefined reference to `MAIN__'
collect2: ld returned 1 exit status
configure:8675: $? = 1
configure: failed program was:
| /* confdefs.h.  */
| #define PACKAGE_NAME "qd"
| #define PACKAGE_TARNAME "qd"
| #define PACKAGE_VERSION "2.3.4"
| #define PACKAGE_STRING "qd 2.3.4"
| #define PACKAGE_BUGREPORT "yozo@cs.berkeley.edu"
| #define MAJOR_VERSION 2
| #define MINOR_VERSION 3
| #define PATCH_VERSION 4
| #define PACKAGE "qd"
| #define VERSION "2.3.4"
| #define QD_INLINE 1
| #define QD_SLOPPY_MUL 1
| #define QD_SLOPPY_DIV 1
| #define STDC_HEADERS 1
| #define HAVE_SYS_TYPES_H 1
| #define HAVE_SYS_STAT_H 1
| #define HAVE_STDLIB_H 1
| #define HAVE_STRING_H 1
| #define HAVE_MEMORY_H 1
| #define HAVE_STRINGS_H 1
| #define HAVE_INTTYPES_H 1
| #define HAVE_STDINT_H 1
| #define HAVE_UNISTD_H 1
| #define HAVE_STDBOOL_H 1
| #define TIME_WITH_SYS_TIME 1
| #define X86 1
| #define HAVE_FPU_CONTROL_H 1
| #define HAVE_GETTIMEOFDAY 1
| #define HAVE_CLOCK_GETTIME 1
| #define QD_ISNAN(x) std::isnan(x)
| #define QD_ISINF(x) std::isinf(x)
| #define QD_ISFINITE(x) std::isfinite(x)
| #define QD_COPYSIGN(x, y) ::copysign(x, y)
| #define QD_API
| #define QD_HAVE_STD 1
| #define HAVE_FORTRAN 1
| #define FC_FUNC(name,NAME) name ## _
| #define FC_FUNC_(name,NAME) name ## _
| /* end confdefs.h.  */
| #ifdef FC_DUMMY_MAIN_EQ_F77
| #  undef F77_DUMMY_MAIN
| #  undef FC_DUMMY_MAIN
| #else
| #  undef FC_DUMMY_MAIN
| #endif
| #define main MAIN_
| #ifdef FC_DUMMY_MAIN
| #ifndef FC_DUMMY_MAIN_EQ_F77
| #  ifdef __cplusplus
|      extern "C"
| #  endif
|    int FC_DUMMY_MAIN() { return 1; }
| #endif
| #endif
| int
| main ()
| {
| 
|   ;
|   return 0;
| }
configure:8669: g++-4.3 -o conftest -g -O2   conftest.c -lrt   -L/usr/lib/gcc/i486-linux-gnu/4.2.1 -L/usr/lib/gcc/i486-linux-gnu/4.2.1/../../../../lib -L/lib/../lib -L/usr/lib/../lib -L/usr/lib/gcc/i486-linux-gnu/4.2.1/../../.. -lrt -lgfortranbegin -lgfortran -lm  >&5
/usr/lib/gcc/i486-linux-gnu/4.2.1/libgfortranbegin.a(fmain.o): In function `main':
(.text+0x23): undefined reference to `MAIN__'
collect2: ld returned 1 exit status
configure:8675: $? = 1
configure: failed program was:
| /* confdefs.h.  */
| #define PACKAGE_NAME "qd"
| #define PACKAGE_TARNAME "qd"
| #define PACKAGE_VERSION "2.3.4"
| #define PACKAGE_STRING "qd 2.3.4"
| #define PACKAGE_BUGREPORT "yozo@cs.berkeley.edu"
| #define MAJOR_VERSION 2
| #define MINOR_VERSION 3
| #define PATCH_VERSION 4
| #define PACKAGE "qd"
| #define VERSION "2.3.4"
| #define QD_INLINE 1
| #define QD_SLOPPY_MUL 1
| #define QD_SLOPPY_DIV 1
| #define STDC_HEADERS 1
| #define HAVE_SYS_TYPES_H 1
| #define HAVE_SYS_STAT_H 1
| #define HAVE_STDLIB_H 1
| #define HAVE_STRING_H 1
| #define HAVE_MEMORY_H 1
| #define HAVE_STRINGS_H 1
| #define HAVE_INTTYPES_H 1
| #define HAVE_STDINT_H 1
| #define HAVE_UNISTD_H 1
| #define HAVE_STDBOOL_H 1
| #define TIME_WITH_SYS_TIME 1
| #define X86 1
| #define HAVE_FPU_CONTROL_H 1
| #define HAVE_GETTIMEOFDAY 1
| #define HAVE_CLOCK_GETTIME 1
| #define QD_ISNAN(x) std::isnan(x)
| #define QD_ISINF(x) std::isinf(x)
| #define QD_ISFINITE(x) std::isfinite(x)
| #define QD_COPYSIGN(x, y) ::copysign(x, y)
| #define QD_API
| #define QD_HAVE_STD 1
| #define HAVE_FORTRAN 1
| #define FC_FUNC(name,NAME) name ## _
| #define FC_FUNC_(name,NAME) name ## _
| /* end confdefs.h.  */
| #ifdef FC_DUMMY_MAIN_EQ_F77
| #  undef F77_DUMMY_MAIN
| #  undef FC_DUMMY_MAIN
| #else
| #  undef FC_DUMMY_MAIN
| #endif
| #define main __main
| #ifdef FC_DUMMY_MAIN
| #ifndef FC_DUMMY_MAIN_EQ_F77
| #  ifdef __cplusplus
|      extern "C"
| #  endif
|    int FC_DUMMY_MAIN() { return 1; }
| #endif
| #endif
| int
| main ()
| {
| 
|   ;
|   return 0;
| }
configure:8669: g++-4.3 -o conftest -g -O2   conftest.c -lrt   -L/usr/lib/gcc/i486-linux-gnu/4.2.1 -L/usr/lib/gcc/i486-linux-gnu/4.2.1/../../../../lib -L/lib/../lib -L/usr/lib/../lib -L/usr/lib/gcc/i486-linux-gnu/4.2.1/../../.. -lrt -lgfortranbegin -lgfortran -lm  >&5
/usr/lib/gcc/i486-linux-gnu/4.2.1/libgfortranbegin.a(fmain.o): In function `main':
(.text+0x23): undefined reference to `MAIN__'
collect2: ld returned 1 exit status
configure:8675: $? = 1
configure: failed program was:
| /* confdefs.h.  */
| #define PACKAGE_NAME "qd"
| #define PACKAGE_TARNAME "qd"
| #define PACKAGE_VERSION "2.3.4"
| #define PACKAGE_STRING "qd 2.3.4"
| #define PACKAGE_BUGREPORT "yozo@cs.berkeley.edu"
| #define MAJOR_VERSION 2
| #define MINOR_VERSION 3
| #define PATCH_VERSION 4
| #define PACKAGE "qd"
| #define VERSION "2.3.4"
| #define QD_INLINE 1
| #define QD_SLOPPY_MUL 1
| #define QD_SLOPPY_DIV 1
| #define STDC_HEADERS 1
| #define HAVE_SYS_TYPES_H 1
| #define HAVE_SYS_STAT_H 1
| #define HAVE_STDLIB_H 1
| #define HAVE_STRING_H 1
| #define HAVE_MEMORY_H 1
| #define HAVE_STRINGS_H 1
| #define HAVE_INTTYPES_H 1
| #define HAVE_STDINT_H 1
| #define HAVE_UNISTD_H 1
| #define HAVE_STDBOOL_H 1
| #define TIME_WITH_SYS_TIME 1
| #define X86 1
| #define HAVE_FPU_CONTROL_H 1
| #define HAVE_GETTIMEOFDAY 1
| #define HAVE_CLOCK_GETTIME 1
| #define QD_ISNAN(x) std::isnan(x)
| #define QD_ISINF(x) std::isinf(x)
| #define QD_ISFINITE(x) std::isfinite(x)
| #define QD_COPYSIGN(x, y) ::copysign(x, y)
| #define QD_API
| #define QD_HAVE_STD 1
| #define HAVE_FORTRAN 1
| #define FC_FUNC(name,NAME) name ## _
| #define FC_FUNC_(name,NAME) name ## _
| /* end confdefs.h.  */
| #ifdef FC_DUMMY_MAIN_EQ_F77
| #  undef F77_DUMMY_MAIN
| #  undef FC_DUMMY_MAIN
| #else
| #  undef FC_DUMMY_MAIN
| #endif
| #define main MAIN
| #ifdef FC_DUMMY_MAIN
| #ifndef FC_DUMMY_MAIN_EQ_F77
| #  ifdef __cplusplus
|      extern "C"
| #  endif
|    int FC_DUMMY_MAIN() { return 1; }
| #endif
| #endif
| int
| main ()
| {
| 
|   ;
|   return 0;
| }
configure:8669: g++-4.3 -o conftest -g -O2   conftest.c -lrt   -L/usr/lib/gcc/i486-linux-gnu/4.2.1 -L/usr/lib/gcc/i486-linux-gnu/4.2.1/../../../../lib -L/lib/../lib -L/usr/lib/../lib -L/usr/lib/gcc/i486-linux-gnu/4.2.1/../../.. -lrt -lgfortranbegin -lgfortran -lm  >&5
/usr/lib/gcc/i486-linux-gnu/4.2.1/libgfortranbegin.a(fmain.o): In function `main':
(.text+0x23): undefined reference to `MAIN__'
collect2: ld returned 1 exit status
configure:8675: $? = 1
configure: failed program was:
| /* confdefs.h.  */
| #define PACKAGE_NAME "qd"
| #define PACKAGE_TARNAME "qd"
| #define PACKAGE_VERSION "2.3.4"
| #define PACKAGE_STRING "qd 2.3.4"
| #define PACKAGE_BUGREPORT "yozo@cs.berkeley.edu"
| #define MAJOR_VERSION 2
| #define MINOR_VERSION 3
| #define PATCH_VERSION 4
| #define PACKAGE "qd"
| #define VERSION "2.3.4"
| #define QD_INLINE 1
| #define QD_SLOPPY_MUL 1
| #define QD_SLOPPY_DIV 1
| #define STDC_HEADERS 1
| #define HAVE_SYS_TYPES_H 1
| #define HAVE_SYS_STAT_H 1
| #define HAVE_STDLIB_H 1
| #define HAVE_STRING_H 1
| #define HAVE_MEMORY_H 1
| #define HAVE_STRINGS_H 1
| #define HAVE_INTTYPES_H 1
| #define HAVE_STDINT_H 1
| #define HAVE_UNISTD_H 1
| #define HAVE_STDBOOL_H 1
| #define TIME_WITH_SYS_TIME 1
| #define X86 1
| #define HAVE_FPU_CONTROL_H 1
| #define HAVE_GETTIMEOFDAY 1
| #define HAVE_CLOCK_GETTIME 1
| #define QD_ISNAN(x) std::isnan(x)
| #define QD_ISINF(x) std::isinf(x)
| #define QD_ISFINITE(x) std::isfinite(x)
| #define QD_COPYSIGN(x, y) ::copysign(x, y)
| #define QD_API
| #define QD_HAVE_STD 1
| #define HAVE_FORTRAN 1
| #define FC_FUNC(name,NAME) name ## _
| #define FC_FUNC_(name,NAME) name ## _
| /* end confdefs.h.  */
| #ifdef FC_DUMMY_MAIN_EQ_F77
| #  undef F77_DUMMY_MAIN
| #  undef FC_DUMMY_MAIN
| #else
| #  undef FC_DUMMY_MAIN
| #endif
| #define main _MAIN
| #ifdef FC_DUMMY_MAIN
| #ifndef FC_DUMMY_MAIN_EQ_F77
| #  ifdef __cplusplus
|      extern "C"
| #  endif
|    int FC_DUMMY_MAIN() { return 1; }
| #endif
| #endif
| int
| main ()
| {
| 
|   ;
|   return 0;
| }
configure:8669: g++-4.3 -o conftest -g -O2   conftest.c -lrt   -L/usr/lib/gcc/i486-linux-gnu/4.2.1 -L/usr/lib/gcc/i486-linux-gnu/4.2.1/../../../../lib -L/lib/../lib -L/usr/lib/../lib -L/usr/lib/gcc/i486-linux-gnu/4.2.1/../../.. -lrt -lgfortranbegin -lgfortran -lm  >&5
/usr/lib/gcc/i486-linux-gnu/4.2.1/libgfortranbegin.a(fmain.o): In function `main':
(.text+0x23): undefined reference to `MAIN__'
collect2: ld returned 1 exit status
configure:8675: $? = 1
configure: failed program was:
| /* confdefs.h.  */
| #define PACKAGE_NAME "qd"
| #define PACKAGE_TARNAME "qd"
| #define PACKAGE_VERSION "2.3.4"
| #define PACKAGE_STRING "qd 2.3.4"
| #define PACKAGE_BUGREPORT "yozo@cs.berkeley.edu"
| #define MAJOR_VERSION 2
| #define MINOR_VERSION 3
| #define PATCH_VERSION 4
| #define PACKAGE "qd"
| #define VERSION "2.3.4"
| #define QD_INLINE 1
| #define QD_SLOPPY_MUL 1
| #define QD_SLOPPY_DIV 1
| #define STDC_HEADERS 1
| #define HAVE_SYS_TYPES_H 1
| #define HAVE_SYS_STAT_H 1
| #define HAVE_STDLIB_H 1
| #define HAVE_STRING_H 1
| #define HAVE_MEMORY_H 1
| #define HAVE_STRINGS_H 1
| #define HAVE_INTTYPES_H 1
| #define HAVE_STDINT_H 1
| #define HAVE_UNISTD_H 1
| #define HAVE_STDBOOL_H 1
| #define TIME_WITH_SYS_TIME 1
| #define X86 1
| #define HAVE_FPU_CONTROL_H 1
| #define HAVE_GETTIMEOFDAY 1
| #define HAVE_CLOCK_GETTIME 1
| #define QD_ISNAN(x) std::isnan(x)
| #define QD_ISINF(x) std::isinf(x)
| #define QD_ISFINITE(x) std::isfinite(x)
| #define QD_COPYSIGN(x, y) ::copysign(x, y)
| #define QD_API
| #define QD_HAVE_STD 1
| #define HAVE_FORTRAN 1
| #define FC_FUNC(name,NAME) name ## _
| #define FC_FUNC_(name,NAME) name ## _
| /* end confdefs.h.  */
| #ifdef FC_DUMMY_MAIN_EQ_F77
| #  undef F77_DUMMY_MAIN
| #  undef FC_DUMMY_MAIN
| #else
| #  undef FC_DUMMY_MAIN
| #endif
| #define main __MAIN
| #ifdef FC_DUMMY_MAIN
| #ifndef FC_DUMMY_MAIN_EQ_F77
| #  ifdef __cplusplus
|      extern "C"
| #  endif
|    int FC_DUMMY_MAIN() { return 1; }
| #endif
| #endif
| int
| main ()
| {
| 
|   ;
|   return 0;
| }
configure:8669: g++-4.3 -o conftest -g -O2   conftest.c -lrt   -L/usr/lib/gcc/i486-linux-gnu/4.2.1 -L/usr/lib/gcc/i486-linux-gnu/4.2.1/../../../../lib -L/lib/../lib -L/usr/lib/../lib -L/usr/lib/gcc/i486-linux-gnu/4.2.1/../../.. -lrt -lgfortranbegin -lgfortran -lm  >&5
/usr/lib/gcc/i486-linux-gnu/4.2.1/libgfortranbegin.a(fmain.o): In function `main':
(.text+0x23): undefined reference to `MAIN__'
collect2: ld returned 1 exit status
configure:8675: $? = 1
configure: failed program was:
| /* confdefs.h.  */
| #define PACKAGE_NAME "qd"
| #define PACKAGE_TARNAME "qd"
| #define PACKAGE_VERSION "2.3.4"
| #define PACKAGE_STRING "qd 2.3.4"
| #define PACKAGE_BUGREPORT "yozo@cs.berkeley.edu"
| #define MAJOR_VERSION 2
| #define MINOR_VERSION 3
| #define PATCH_VERSION 4
| #define PACKAGE "qd"
| #define VERSION "2.3.4"
| #define QD_INLINE 1
| #define QD_SLOPPY_MUL 1
| #define QD_SLOPPY_DIV 1
| #define STDC_HEADERS 1
| #define HAVE_SYS_TYPES_H 1
| #define HAVE_SYS_STAT_H 1
| #define HAVE_STDLIB_H 1
| #define HAVE_STRING_H 1
| #define HAVE_MEMORY_H 1
| #define HAVE_STRINGS_H 1
| #define HAVE_INTTYPES_H 1
| #define HAVE_STDINT_H 1
| #define HAVE_UNISTD_H 1
| #define HAVE_STDBOOL_H 1
| #define TIME_WITH_SYS_TIME 1
| #define X86 1
| #define HAVE_FPU_CONTROL_H 1
| #define HAVE_GETTIMEOFDAY 1
| #define HAVE_CLOCK_GETTIME 1
| #define QD_ISNAN(x) std::isnan(x)
| #define QD_ISINF(x) std::isinf(x)
| #define QD_ISFINITE(x) std::isfinite(x)
| #define QD_COPYSIGN(x, y) ::copysign(x, y)
| #define QD_API
| #define QD_HAVE_STD 1
| #define HAVE_FORTRAN 1
| #define FC_FUNC(name,NAME) name ## _
| #define FC_FUNC_(name,NAME) name ## _
| /* end confdefs.h.  */
| #ifdef FC_DUMMY_MAIN_EQ_F77
| #  undef F77_DUMMY_MAIN
| #  undef FC_DUMMY_MAIN
| #else
| #  undef FC_DUMMY_MAIN
| #endif
| #define main main_
| #ifdef FC_DUMMY_MAIN
| #ifndef FC_DUMMY_MAIN_EQ_F77
| #  ifdef __cplusplus
|      extern "C"
| #  endif
|    int FC_DUMMY_MAIN() { return 1; }
| #endif
| #endif
| int
| main ()
| {
| 
|   ;
|   return 0;
| }
configure:8669: g++-4.3 -o conftest -g -O2   conftest.c -lrt   -L/usr/lib/gcc/i486-linux-gnu/4.2.1 -L/usr/lib/gcc/i486-linux-gnu/4.2.1/../../../../lib -L/lib/../lib -L/usr/lib/../lib -L/usr/lib/gcc/i486-linux-gnu/4.2.1/../../.. -lrt -lgfortranbegin -lgfortran -lm  >&5
/usr/lib/gcc/i486-linux-gnu/4.2.1/libgfortranbegin.a(fmain.o): In function `main':
(.text+0x23): undefined reference to `MAIN__'
collect2: ld returned 1 exit status
configure:8675: $? = 1
configure: failed program was:
| /* confdefs.h.  */
| #define PACKAGE_NAME "qd"
| #define PACKAGE_TARNAME "qd"
| #define PACKAGE_VERSION "2.3.4"
| #define PACKAGE_STRING "qd 2.3.4"
| #define PACKAGE_BUGREPORT "yozo@cs.berkeley.edu"
| #define MAJOR_VERSION 2
| #define MINOR_VERSION 3
| #define PATCH_VERSION 4
| #define PACKAGE "qd"
| #define VERSION "2.3.4"
| #define QD_INLINE 1
| #define QD_SLOPPY_MUL 1
| #define QD_SLOPPY_DIV 1
| #define STDC_HEADERS 1
| #define HAVE_SYS_TYPES_H 1
| #define HAVE_SYS_STAT_H 1
| #define HAVE_STDLIB_H 1
| #define HAVE_STRING_H 1
| #define HAVE_MEMORY_H 1
| #define HAVE_STRINGS_H 1
| #define HAVE_INTTYPES_H 1
| #define HAVE_STDINT_H 1
| #define HAVE_UNISTD_H 1
| #define HAVE_STDBOOL_H 1
| #define TIME_WITH_SYS_TIME 1
| #define X86 1
| #define HAVE_FPU_CONTROL_H 1
| #define HAVE_GETTIMEOFDAY 1
| #define HAVE_CLOCK_GETTIME 1
| #define QD_ISNAN(x) std::isnan(x)
| #define QD_ISINF(x) std::isinf(x)
| #define QD_ISFINITE(x) std::isfinite(x)
| #define QD_COPYSIGN(x, y) ::copysign(x, y)
| #define QD_API
| #define QD_HAVE_STD 1
| #define HAVE_FORTRAN 1
| #define FC_FUNC(name,NAME) name ## _
| #define FC_FUNC_(name,NAME) name ## _
| /* end confdefs.h.  */
| #ifdef FC_DUMMY_MAIN_EQ_F77
| #  undef F77_DUMMY_MAIN
| #  undef FC_DUMMY_MAIN
| #else
| #  undef FC_DUMMY_MAIN
| #endif
| #define main main__
| #ifdef FC_DUMMY_MAIN
| #ifndef FC_DUMMY_MAIN_EQ_F77
| #  ifdef __cplusplus
|      extern "C"
| #  endif
|    int FC_DUMMY_MAIN() { return 1; }
| #endif
| #endif
| int
| main ()
| {
| 
|   ;
|   return 0;
| }
configure:8669: g++-4.3 -o conftest -g -O2   conftest.c -lrt   -L/usr/lib/gcc/i486-linux-gnu/4.2.1 -L/usr/lib/gcc/i486-linux-gnu/4.2.1/../../../../lib -L/lib/../lib -L/usr/lib/../lib -L/usr/lib/gcc/i486-linux-gnu/4.2.1/../../.. -lrt -lgfortranbegin -lgfortran -lm  >&5
/usr/lib/gcc/i486-linux-gnu/4.2.1/libgfortranbegin.a(fmain.o): In function `main':
(.text+0x23): undefined reference to `MAIN__'
collect2: ld returned 1 exit status
configure:8675: $? = 1
configure: failed program was:
| /* confdefs.h.  */
| #define PACKAGE_NAME "qd"
| #define PACKAGE_TARNAME "qd"
| #define PACKAGE_VERSION "2.3.4"
| #define PACKAGE_STRING "qd 2.3.4"
| #define PACKAGE_BUGREPORT "yozo@cs.berkeley.edu"
| #define MAJOR_VERSION 2
| #define MINOR_VERSION 3
| #define PATCH_VERSION 4
| #define PACKAGE "qd"
| #define VERSION "2.3.4"
| #define QD_INLINE 1
| #define QD_SLOPPY_MUL 1
| #define QD_SLOPPY_DIV 1
| #define STDC_HEADERS 1
| #define HAVE_SYS_TYPES_H 1
| #define HAVE_SYS_STAT_H 1
| #define HAVE_STDLIB_H 1
| #define HAVE_STRING_H 1
| #define HAVE_MEMORY_H 1
| #define HAVE_STRINGS_H 1
| #define HAVE_INTTYPES_H 1
| #define HAVE_STDINT_H 1
| #define HAVE_UNISTD_H 1
| #define HAVE_STDBOOL_H 1
| #define TIME_WITH_SYS_TIME 1
| #define X86 1
| #define HAVE_FPU_CONTROL_H 1
| #define HAVE_GETTIMEOFDAY 1
| #define HAVE_CLOCK_GETTIME 1
| #define QD_ISNAN(x) std::isnan(x)
| #define QD_ISINF(x) std::isinf(x)
| #define QD_ISFINITE(x) std::isfinite(x)
| #define QD_COPYSIGN(x, y) ::copysign(x, y)
| #define QD_API
| #define QD_HAVE_STD 1
| #define HAVE_FORTRAN 1
| #define FC_FUNC(name,NAME) name ## _
| #define FC_FUNC_(name,NAME) name ## _
| /* end confdefs.h.  */
| #ifdef FC_DUMMY_MAIN_EQ_F77
| #  undef F77_DUMMY_MAIN
| #  undef FC_DUMMY_MAIN
| #else
| #  undef FC_DUMMY_MAIN
| #endif
| #define main _main
| #ifdef FC_DUMMY_MAIN
| #ifndef FC_DUMMY_MAIN_EQ_F77
| #  ifdef __cplusplus
|      extern "C"
| #  endif
|    int FC_DUMMY_MAIN() { return 1; }
| #endif
| #endif
| int
| main ()
| {
| 
|   ;
|   return 0;
| }
configure:8701: result: main
configure:8715: checking fortran 90 modules inclusion flag
configure:8746: f95 -c -O2 -ffree-form  conftest.f >&5
configure:8752: $? = 0
configure:8785: f95 -c -O2 -ffree-form -I tmpdir_0  conftest.f >&5
configure:8791: $? = 0
configure:8821: result: -I 
configure:8825: checking fortran 90 modules naming style
configure:8856: f95 -c -O2 -ffree-form  conftest.f >&5
configure:8862: $? = 0
configure:8896: result: lowercase, mod
configure:8995: checking for ranlib
configure:9011: found /usr/bin/ranlib
configure:9022: result: ranlib
configure:9194: creating ./config.status

## ---------------------- ##
## Running config.status. ##
## ---------------------- ##

This file was extended by qd config.status 2.3.4, which was
generated by GNU Autoconf 2.61.  Invocation command line was

  CONFIG_FILES    = 
  CONFIG_HEADERS  = 
  CONFIG_LINKS    = 
  CONFIG_COMMANDS = 
  $ ./config.status 

on crampon10

config.status:679: creating Makefile
config.status:679: creating config/Makefile
config.status:679: creating src/Makefile
config.status:679: creating include/Makefile
config.status:679: creating tests/Makefile
config.status:679: creating fortran/Makefile
config.status:679: creating qd-config
config.status:679: creating fortran/second.f
config.status:679: creating config.h
config.status:679: creating include/qd/qd_config.h
config.status:973: executing depfiles commands

## ---------------- ##
## Cache variables. ##
## ---------------- ##

ac_cv_build=i686-pc-linux-gnu
ac_cv_c_compiler_gnu=yes
ac_cv_cxx_compiler_gnu=yes
ac_cv_env_CCC_set=
ac_cv_env_CCC_value=
ac_cv_env_CC_set=
ac_cv_env_CC_value=
ac_cv_env_CFLAGS_set=
ac_cv_env_CFLAGS_value=
ac_cv_env_CPPFLAGS_set=
ac_cv_env_CPPFLAGS_value=
ac_cv_env_CXXCPP_set=
ac_cv_env_CXXCPP_value=
ac_cv_env_CXXFLAGS_set=set
ac_cv_env_CXXFLAGS_value='-O3 -funroll-all-loops -Wall -msse2 -mssse3 -mtune=core2'
ac_cv_env_CXX_set=set
ac_cv_env_CXX_value=g++-4.3
ac_cv_env_FCFLAGS_set=
ac_cv_env_FCFLAGS_value=
ac_cv_env_FC_set=
ac_cv_env_FC_value=
ac_cv_env_LDFLAGS_set=
ac_cv_env_LDFLAGS_value=
ac_cv_env_LIBS_set=
ac_cv_env_LIBS_value=
ac_cv_env_build_alias_set=
ac_cv_env_build_alias_value=
ac_cv_env_host_alias_set=
ac_cv_env_host_alias_value=
ac_cv_env_target_alias_set=
ac_cv_env_target_alias_value=
ac_cv_fc_compiler_gnu=yes
ac_cv_fc_dummy_main=none
ac_cv_fc_freeform=-ffree-form
ac_cv_fc_libs=' -L/usr/lib/gcc/i486-linux-gnu/4.2.1 -L/usr/lib/gcc/i486-linux-gnu/4.2.1/../../../../lib -L/lib/../lib -L/usr/lib/../lib -L/usr/lib/gcc/i486-linux-gnu/4.2.1/../../.. -lrt -lgfortranbegin -lgfortran -lm'
ac_cv_fc_main=main
ac_cv_fc_mangling='lower case, underscore, no extra underscore'
ac_cv_fortran_dummy_main=none
ac_cv_fortran_main=main
ac_cv_func_gettimeofday=yes
ac_cv_header_fpu_control_h=yes
ac_cv_header_ieeefp_h=no
ac_cv_header_inttypes_h=yes
ac_cv_header_memory_h=yes
ac_cv_header_stdbool_h=yes
ac_cv_header_stdc=yes
ac_cv_header_stdint_h=yes
ac_cv_header_stdlib_h=yes
ac_cv_header_string_h=yes
ac_cv_header_strings_h=yes
ac_cv_header_sys_stat_h=yes
ac_cv_header_sys_types_h=yes
ac_cv_header_time=yes
ac_cv_header_unistd_h=yes
ac_cv_host=i686-pc-linux-gnu
ac_cv_objext=o
ac_cv_path_EGREP='/bin/grep -E'
ac_cv_path_GREP=/bin/grep
ac_cv_path_install='/usr/bin/install -c'
ac_cv_path_mkdir=/bin/mkdir
ac_cv_prog_AWK=mawk
ac_cv_prog_CXXCPP='g++-4.3 -E'
ac_cv_prog_ac_ct_CC=g++-4.3
ac_cv_prog_ac_ct_FC=f95
ac_cv_prog_ac_ct_RANLIB=ranlib
ac_cv_prog_cc_c89=no
ac_cv_prog_cc_g=yes
ac_cv_prog_cxx_g=yes
ac_cv_prog_fc_g=yes
ac_cv_prog_fc_v=-v
ac_cv_prog_make_make_set=yes
ac_cv_search_clock_gettime=-lrt
ac_cv_struct_tm=time.h
ac_cv_type__Bool=no
am_cv_CC_dependencies_compiler_type=gcc3
am_cv_CXX_dependencies_compiler_type=gcc3

## ----------------- ##
## Output variables. ##
## ----------------- ##

ACLOCAL='${SHELL} /home/jt/downloads/qd-2.3.4/config/missing --run aclocal-1.10'
AMDEPBACKSLASH='\'
AMDEP_FALSE='#'
AMDEP_TRUE=''
AMTAR='${SHELL} /home/jt/downloads/qd-2.3.4/config/missing --run tar'
AUTOCONF='${SHELL} /home/jt/downloads/qd-2.3.4/config/missing --run autoconf'
AUTOHEADER='${SHELL} /home/jt/downloads/qd-2.3.4/config/missing --run autoheader'
AUTOMAKE='${SHELL} /home/jt/downloads/qd-2.3.4/config/missing --run automake-1.10'
AWK='mawk'
CC='g++-4.3'
CCDEPMODE='depmode=gcc3'
CFLAGS='-g -O2'
CONFIGURE_ARGS=' '\''CXX=g++-4.3'\'' '\''CXXFLAGS=-O3 -funroll-all-loops -Wall -msse2 -mssse3 -mtune=core2'\'''
CPPFLAGS=''
CXX='g++-4.3'
CXXCPP='g++-4.3 -E'
CXXDEPMODE='depmode=gcc3'
CXXFLAGS='-O3 -funroll-all-loops -Wall -msse2 -mssse3 -mtune=core2 '
CYGPATH_W='echo'
DEFS='-DHAVE_CONFIG_H'
DEPDIR='.deps'
ECHO_C=''
ECHO_N='-n'
ECHO_T=''
EGREP='/bin/grep -E'
ETIME='etime'
EXEEXT=''
F77='f95'
FC='f95'
FCFLAGS='-O2 -ffree-form '
FCLIBS=' -L/usr/lib/gcc/i486-linux-gnu/4.2.1 -L/usr/lib/gcc/i486-linux-gnu/4.2.1/../../../../lib -L/lib/../lib -L/usr/lib/../lib -L/usr/lib/gcc/i486-linux-gnu/4.2.1/../../.. -lrt -lgfortranbegin -lgfortran -lm '
FFLAGS='-O2 -ffree-form '
GREP='/bin/grep'
HAVE_FORTRAN_FALSE='#'
HAVE_FORTRAN_TRUE=''
INSTALL_DATA='${INSTALL} -m 644'
INSTALL_PROGRAM='${INSTALL}'
INSTALL_SCRIPT='${INSTALL}'
INSTALL_STRIP_PROGRAM='$(install_sh) -c -s'
LDFLAGS=''
LIBOBJS=''
LIBS='-lrt  -lm'
LTLIBOBJS=''
MAKEINFO='${SHELL} /home/jt/downloads/qd-2.3.4/config/missing --run makeinfo'
OBJEXT='o'
PACKAGE='qd'
PACKAGE_BUGREPORT='yozo@cs.berkeley.edu'
PACKAGE_NAME='qd'
PACKAGE_STRING='qd 2.3.4'
PACKAGE_TARNAME='qd'
PACKAGE_VERSION='2.3.4'
PATH_SEPARATOR=':'
QD_DEBUG_FALSE=''
QD_DEBUG_TRUE='#'
RANLIB='ranlib'
REQ_CXXFLAGS=''
REQ_FCFLAGS=''
SET_MAKE=''
SHELL='/bin/bash'
STRIP=''
UPCASE_MODULE_FALSE=''
UPCASE_MODULE_TRUE='#'
VERSION='2.3.4'
ac_ct_CC='g++-4.3'
ac_ct_CXX=''
ac_ct_FC='f95'
am__fastdepCC_FALSE='#'
am__fastdepCC_TRUE=''
am__fastdepCXX_FALSE='#'
am__fastdepCXX_TRUE=''
am__include='include'
am__isrc=''
am__leading_dot='.'
am__quote=''
am__tar='${AMTAR} chof - "$$tardir"'
am__untar='${AMTAR} xf -'
ax_f90_modflag='-I '
bindir='${exec_prefix}/bin'
build='i686-pc-linux-gnu'
build_alias=''
build_cpu='i686'
build_os='linux-gnu'
build_vendor='pc'
datadir='${datarootdir}'
datarootdir='${prefix}/share'
docdir='${datarootdir}/doc/${PACKAGE_TARNAME}'
dvidir='${docdir}'
exec_prefix='${prefix}'
host='i686-pc-linux-gnu'
host_alias=''
host_cpu='i686'
host_os='linux-gnu'
host_vendor='pc'
htmldir='${docdir}'
includedir='${prefix}/include'
infodir='${datarootdir}/info'
install_sh='$(SHELL) /home/jt/downloads/qd-2.3.4/config/install-sh'
libdir='${exec_prefix}/lib'
libexecdir='${exec_prefix}/libexec'
localedir='${datarootdir}/locale'
localstatedir='${prefix}/var'
mandir='${datarootdir}/man'
mkdir_p='/bin/mkdir -p'
module_ext='mod'
oldincludedir='/usr/include'
pdfdir='${docdir}'
prefix='/usr/local'
program_transform_name='s,x,x,'
psdir='${docdir}'
sbindir='${exec_prefix}/sbin'
sharedstatedir='${prefix}/com'
sysconfdir='${prefix}/etc'
target_alias=''

## ----------- ##
## confdefs.h. ##
## ----------- ##

#define PACKAGE_NAME "qd"
#define PACKAGE_TARNAME "qd"
#define PACKAGE_VERSION "2.3.4"
#define PACKAGE_STRING "qd 2.3.4"
#define PACKAGE_BUGREPORT "yozo@cs.berkeley.edu"
#define MAJOR_VERSION 2
#define MINOR_VERSION 3
#define PATCH_VERSION 4
#define PACKAGE "qd"
#define VERSION "2.3.4"
#define QD_INLINE 1
#define QD_SLOPPY_MUL 1
#define QD_SLOPPY_DIV 1
#define STDC_HEADERS 1
#define HAVE_SYS_TYPES_H 1
#define HAVE_SYS_STAT_H 1
#define HAVE_STDLIB_H 1
#define HAVE_STRING_H 1
#define HAVE_MEMORY_H 1
#define HAVE_STRINGS_H 1
#define HAVE_INTTYPES_H 1
#define HAVE_STDINT_H 1
#define HAVE_UNISTD_H 1
#define HAVE_STDBOOL_H 1
#define TIME_WITH_SYS_TIME 1
#define X86 1
#define HAVE_FPU_CONTROL_H 1
#define HAVE_GETTIMEOFDAY 1
#define HAVE_CLOCK_GETTIME 1
#define QD_ISNAN(x) std::isnan(x)
#define QD_ISINF(x) std::isinf(x)
#define QD_ISFINITE(x) std::isfinite(x)
#define QD_COPYSIGN(x, y) ::copysign(x, y)
#define QD_API
#define QD_HAVE_STD 1
#define HAVE_FORTRAN 1
#define FC_FUNC(name,NAME) name ## _
#define FC_FUNC_(name,NAME) name ## _
#define FC_MAIN main

configure: exit 0
