This is pdfTeXk, Version 3.141592-1.40.3 (Web2C 7.5.6) (format=latex 2008.1.30)  7 FEB 2008 13:38
entering extended mode
 %&-line parsing enabled.
**\nonstopmode\input{qd.tex}
(./qd.tex (/usr/share/texmf-texlive/tex/latex/base/article.cls
Document Class: article 2005/09/16 v1.4f Standard LaTeX document class
(/usr/share/texmf-texlive/tex/latex/base/size11.clo
File: size11.clo 2005/09/16 v1.4f Standard LaTeX file (size option)
)
\c@part=\count79
\c@section=\count80
\c@subsection=\count81
\c@subsubsection=\count82
\c@paragraph=\count83
\c@subparagraph=\count84
\c@figure=\count85
\c@table=\count86
\abovecaptionskip=\skip41
\belowcaptionskip=\skip42
\bibindent=\dimen102
)
(/usr/share/texmf-texlive/tex/latex/graphics/graphicx.sty
Package: graphicx 1999/02/16 v1.0f Enhanced LaTeX Graphics (DPC,SPQR)

(/usr/share/texmf-texlive/tex/latex/graphics/keyval.sty
Package: keyval 1999/03/16 v1.13 key=value parser (DPC)
\KV@toks@=\toks14
)
(/usr/share/texmf-texlive/tex/latex/graphics/graphics.sty
Package: graphics 2006/02/20 v1.0o Standard LaTeX Graphics (DPC,SPQR)

(/usr/share/texmf-texlive/tex/latex/graphics/trig.sty
Package: trig 1999/03/16 v1.09 sin cos tan (DPC)
)
(/etc/texmf/tex/latex/config/graphics.cfg
File: graphics.cfg 2007/01/18 v1.5 graphics configuration of teTeX/TeXLive
)
Package graphics Info: Driver file: dvips.def on input line 90.

(/usr/share/texmf-texlive/tex/latex/graphics/dvips.def
File: dvips.def 1999/02/16 v3.0i Driver-dependant file (DPC,SPQR)
))
\Gin@req@height=\dimen103
\Gin@req@width=\dimen104
)
(/usr/share/texmf-texlive/tex/latex/amscls/amsthm.sty
Package: amsthm 2004/08/06 v2.20
\thm@style=\toks15
\thm@bodyfont=\toks16
\thm@headfont=\toks17
\thm@notefont=\toks18
\thm@headpunct=\toks19
\thm@preskip=\skip43
\thm@postskip=\skip44
\thm@headsep=\skip45
\dth@everypar=\toks20
)
\c@thm=\count87
 (./qd.aux)
\openout1 = `qd.aux'.

LaTeX Font Info:    Checking defaults for OML/cmm/m/it on input line 44.
LaTeX Font Info:    ... okay on input line 44.
LaTeX Font Info:    Checking defaults for T1/cmr/m/n on input line 44.
LaTeX Font Info:    ... okay on input line 44.
LaTeX Font Info:    Checking defaults for OT1/cmr/m/n on input line 44.
LaTeX Font Info:    ... okay on input line 44.
LaTeX Font Info:    Checking defaults for OMS/cmsy/m/n on input line 44.
LaTeX Font Info:    ... okay on input line 44.
LaTeX Font Info:    Checking defaults for OMX/cmex/m/n on input line 44.
LaTeX Font Info:    ... okay on input line 44.
LaTeX Font Info:    Checking defaults for U/cmr/m/n on input line 44.
LaTeX Font Info:    ... okay on input line 44.
LaTeX Font Info:    External font `cmex10' loaded for size
(Font)              <17.28> on input line 45.
LaTeX Font Info:    External font `cmex10' loaded for size
(Font)              <12> on input line 45.
LaTeX Font Info:    External font `cmex10' loaded for size
(Font)              <8> on input line 45.
LaTeX Font Info:    External font `cmex10' loaded for size
(Font)              <6> on input line 45.
LaTeX Font Info:    External font `cmex10' loaded for size
(Font)              <5> on input line 45.
LaTeX Font Info:    External font `cmex10' loaded for size
(Font)              <9> on input line 53.
 [1

] (./qd.toc
LaTeX Font Info:    External font `cmex10' loaded for size
(Font)              <10.95> on input line 4.
)
\tf@toc=\write3
\openout3 = `qd.toc'.

 [2] [3] [4]
File: quick-two-sum.eps Graphic file (type eps)
 <quick-two-sum.eps>
File: two-sum.eps Graphic file (type eps)
 <two-sum.eps>
File: two-prod.eps Graphic file (type eps)
 <two-prod.eps>
File: normal_sum_prod.eps Graphic file (type eps)

<normal_sum_prod.eps> [5] [6]
File: qd_add_qd_d.eps Graphic file (type eps)
 <qd_add_qd_d.eps>
File: qd_add.eps Graphic file (type eps)
 <qd_add.eps>
File: three-sum.eps Graphic file (type eps)
 <three-sum.eps>
File: three-sum-2.eps Graphic file (type eps)

<three-sum-2.eps>
File: three-sum-3.eps Graphic file (type eps)
 <three-sum-3.eps> [7] [8] [9]
Overfull \hbox (12.44092pt too wide) in paragraph at lines 524--528
\OT1/cmr/m/n/10.95 and $\OML/cmm/m/it/10.95 b \OT1/cmr/m/n/10.95 = (\OML/cmm/m/
it/10.95 b[]; b[]; b[]; b[]\OT1/cmr/m/n/10.95 )$. Ba-si-cally it merge-sorts th
e eight dou-bles, and per-forms \OT1/cmr/m/sc/10.95 Double-Accumulate
 []

[10]
File: qd_mul_qd_d.eps Graphic file (type eps)
 <qd_mul_qd_d.eps>
File: qd_mul_accum.eps Graphic file (type eps)
 <qd_mul_accum.eps> [11] [12] [13]
File: six-three-sum.eps Graphic file (type eps)
 <six-three-sum.eps>
File: nine-two-sum.eps Graphic file (type eps)

<nine-two-sum.eps> [14] [15] [16] [17] [18] [19]
LaTeX Font Info:    Try loading font information for OMS+cmr on input line 894.


(/usr/share/texmf-texlive/tex/latex/base/omscmr.fd
File: omscmr.fd 1999/05/25 v2.5h Standard LaTeX font definitions
)
LaTeX Font Info:    Font shape `OMS/cmr/m/n' in size <10.95> not available
(Font)              Font shape `OMS/cmsy/m/n' tried instead on input line 894.
 [20] [21]
File: qd_add_proof.eps Graphic file (type eps)

<qd_add_proof.eps> [22] [23] (./qd.bbl
Underfull \hbox (badness 2050) in paragraph at lines 44--50
[]\OT1/cmr/m/n/10.95 Yozo Hida, Xi-aoye S. Li, and David H. Bai-ley.  Quad-doub
le arith-metic: Al-go-
 []


Underfull \hbox (badness 1997) in paragraph at lines 44--50
\OT1/cmr/m/n/10.95 rithms, im-ple-men-ta-tion, and ap-pli-ca-tion.  Tech-ni-cal
 Re-port LBNL-46996, Lawrence
 []


Underfull \hbox (badness 3189) in paragraph at lines 44--50
\OT1/cmr/m/n/10.95 Berke-ley Na-tional Lab-o-ra-tory, Berke-ley, CA 94720, Oc-t
o-ber 2000.  Avail-able at
 []

) [24] (./qd.aux) ) 
Here is how much of TeX's memory you used:
 783 strings out of 95060
 9122 string characters out of 1182405
 57136 words of memory out of 1500000
 3986 multiletter control sequences out of 10000+50000
 11628 words of font info for 41 fonts, out of 1200000 for 2000
 28 hyphenation exceptions out of 8191
 29i,13n,19p,419b,325s stack positions out of 5000i,500n,6000p,200000b,5000s

Output written on qd.dvi (24 pages, 68880 bytes).
